2025-03-07 10:32:41 [INFO    ] (autoreload.run_with_reloader) Watching for file changes with StatReloader
2025-03-07 10:32:41 [INFO    ] (autoreload.run_with_reloader) Watching for file changes with StatReloader
2025-03-07 10:32:51 [INFO    ] (basehttp.log_message) "GET /filter/ HTTP/1.1" 200 25488
2025-03-07 10:32:51 [INFO    ] (basehttp.log_message) "GET /filter/ HTTP/1.1" 200 25488
2025-03-07 10:32:59 [INFO    ] (basehttp.log_message) "GET /filter/?industry=&keywords=&keywords=AI&time_range=all HTTP/1.1" 200 8368
2025-03-07 10:32:59 [INFO    ] (basehttp.log_message) "GET /filter/?industry=&keywords=&keywords=AI&time_range=all HTTP/1.1" 200 8368
2025-03-07 10:33:07 [INFO    ] (basehttp.log_message) "GET /filter/?industry=%E7%A7%91%E6%8A%80&keywords=AI&time_range=all HTTP/1.1" 200 8368
2025-03-07 10:33:07 [INFO    ] (basehttp.log_message) "GET /filter/?industry=%E7%A7%91%E6%8A%80&keywords=AI&time_range=all HTTP/1.1" 200 8368
2025-03-07 10:35:41 [INFO    ] (basehttp.log_message) "GET /filter/ HTTP/1.1" 200 25488
2025-03-07 10:35:41 [INFO    ] (basehttp.log_message) "GET /filter/ HTTP/1.1" 200 25488
2025-03-07 10:48:58 [INFO    ] (autoreload.run_with_reloader) Watching for file changes with StatReloader
2025-03-07 10:48:58 [INFO    ] (autoreload.run_with_reloader) Watching for file changes with StatReloader
2025-03-07 10:49:05 [INFO    ] (basehttp.log_message) "GET /filter/?industry=&keywords=&keywords=AI&time_range=all HTTP/1.1" 200 8368
2025-03-07 10:49:05 [INFO    ] (basehttp.log_message) "GET /filter/?industry=&keywords=&keywords=AI&time_range=all HTTP/1.1" 200 8368
2025-03-07 10:49:13 [INFO    ] (basehttp.log_message) "GET /filter/?industry=&time_range=all HTTP/1.1" 200 25588
2025-03-07 10:49:13 [INFO    ] (basehttp.log_message) "GET /filter/?industry=&time_range=all HTTP/1.1" 200 25588
2025-03-07 10:50:01 [INFO    ] (autoreload.trigger_reload) D:\code\Python\IndustrySearcher\app\web\views.py changed, reloading.
2025-03-07 10:50:01 [INFO    ] (autoreload.trigger_reload) D:\code\Python\IndustrySearcher\app\web\views.py changed, reloading.
2025-03-07 10:50:02 [INFO    ] (autoreload.run_with_reloader) Watching for file changes with StatReloader
2025-03-07 10:50:02 [INFO    ] (autoreload.run_with_reloader) Watching for file changes with StatReloader
2025-03-07 10:50:11 [INFO    ] (basehttp.log_message) "GET /filter/?industry=&keywords=&keywords=%E8%BC%9D%E9%81%94&time_range=all HTTP/1.1" 200 8359
2025-03-07 10:50:11 [INFO    ] (basehttp.log_message) "GET /filter/?industry=&keywords=&keywords=%E8%BC%9D%E9%81%94&time_range=all HTTP/1.1" 200 8359
2025-03-07 10:50:32 [INFO    ] (basehttp.log_message) "GET /filter/?industry=&keywords=%E8%BC%9D%E9%81%94+%E8%8B%B1%E6%A5%AD%E9%81%94&time_range=all HTTP/1.1" 200 8359
2025-03-07 10:50:32 [INFO    ] (basehttp.log_message) "GET /filter/?industry=&keywords=%E8%BC%9D%E9%81%94+%E8%8B%B1%E6%A5%AD%E9%81%94&time_range=all HTTP/1.1" 200 8359
2025-03-07 10:52:18 [INFO    ] (autoreload.trigger_reload) D:\code\Python\IndustrySearcher\app\web\forms.py changed, reloading.
2025-03-07 10:52:18 [INFO    ] (autoreload.trigger_reload) D:\code\Python\IndustrySearcher\app\web\forms.py changed, reloading.
2025-03-07 10:52:18 [INFO    ] (autoreload.run_with_reloader) Watching for file changes with StatReloader
2025-03-07 10:52:18 [INFO    ] (autoreload.run_with_reloader) Watching for file changes with StatReloader
2025-03-07 10:52:43 [INFO    ] (autoreload.trigger_reload) D:\code\Python\IndustrySearcher\app\web\forms.py changed, reloading.
2025-03-07 10:52:43 [INFO    ] (autoreload.trigger_reload) D:\code\Python\IndustrySearcher\app\web\forms.py changed, reloading.
2025-03-07 10:52:44 [INFO    ] (autoreload.run_with_reloader) Watching for file changes with StatReloader
2025-03-07 10:52:44 [INFO    ] (autoreload.run_with_reloader) Watching for file changes with StatReloader
2025-03-07 10:52:50 [INFO    ] (autoreload.trigger_reload) D:\code\Python\IndustrySearcher\app\web\views.py changed, reloading.
2025-03-07 10:52:50 [INFO    ] (autoreload.trigger_reload) D:\code\Python\IndustrySearcher\app\web\views.py changed, reloading.
2025-03-07 10:52:51 [INFO    ] (autoreload.run_with_reloader) Watching for file changes with StatReloader
2025-03-07 10:52:51 [INFO    ] (autoreload.run_with_reloader) Watching for file changes with StatReloader
2025-03-07 10:53:01 [INFO    ] (autoreload.trigger_reload) D:\code\Python\IndustrySearcher\app\web\views.py changed, reloading.
2025-03-07 10:53:01 [INFO    ] (autoreload.trigger_reload) D:\code\Python\IndustrySearcher\app\web\views.py changed, reloading.
2025-03-07 10:53:01 [INFO    ] (autoreload.run_with_reloader) Watching for file changes with StatReloader
2025-03-07 10:53:01 [INFO    ] (autoreload.run_with_reloader) Watching for file changes with StatReloader
2025-03-07 10:53:29 [ERROR   ] (log.log_response) Internal Server Error: /filter/
Traceback (most recent call last):
  File "D:\code\Python\IndustrySearcher\venv\Lib\site-packages\django\core\handlers\exception.py", line 55, in inner
    response = get_response(request)
               ^^^^^^^^^^^^^^^^^^^^^
  File "D:\code\Python\IndustrySearcher\venv\Lib\site-packages\django\core\handlers\base.py", line 197, in _get_response
    response = wrapped_callback(request, *callback_args, **callback_kwargs)
               ^^^^^^^^^^^^^^^^^^^^^^^^^^^^^^^^^^^^^^^^^^^^^^^^^^^^^^^^^^^^
  File "D:\code\Python\IndustrySearcher\app\web\views.py", line 55, in filter_news
    if form.is_valid():
       ^^^^^^^^^^^^^^^
  File "D:\code\Python\IndustrySearcher\venv\Lib\site-packages\django\forms\forms.py", line 197, in is_valid
    return self.is_bound and not self.errors
                                 ^^^^^^^^^^^
  File "D:\code\Python\IndustrySearcher\venv\Lib\site-packages\django\forms\forms.py", line 192, in errors
    self.full_clean()
  File "D:\code\Python\IndustrySearcher\venv\Lib\site-packages\django\forms\forms.py", line 326, in full_clean
    self._clean_form()
  File "D:\code\Python\IndustrySearcher\venv\Lib\site-packages\django\forms\forms.py", line 342, in _clean_form
    cleaned_data = self.clean()
                   ^^^^^^^^^^^^
  File "D:\code\Python\IndustrySearcher\app\web\forms.py", line 59, in clean
    keywords = cleaned_data.get('keywords', '').split(',')  # 將多選的值分割成列表
               ^^^^^^^^^^^^^^^^^^^^^^^^^^^^^^^^^^^^^^
AttributeError: 'list' object has no attribute 'split'
2025-03-07 10:53:29 [ERROR   ] (log.log_response) Internal Server Error: /filter/
Traceback (most recent call last):
  File "D:\code\Python\IndustrySearcher\venv\Lib\site-packages\django\core\handlers\exception.py", line 55, in inner
    response = get_response(request)
               ^^^^^^^^^^^^^^^^^^^^^
  File "D:\code\Python\IndustrySearcher\venv\Lib\site-packages\django\core\handlers\base.py", line 197, in _get_response
    response = wrapped_callback(request, *callback_args, **callback_kwargs)
               ^^^^^^^^^^^^^^^^^^^^^^^^^^^^^^^^^^^^^^^^^^^^^^^^^^^^^^^^^^^^
  File "D:\code\Python\IndustrySearcher\app\web\views.py", line 55, in filter_news
    if form.is_valid():
       ^^^^^^^^^^^^^^^
  File "D:\code\Python\IndustrySearcher\venv\Lib\site-packages\django\forms\forms.py", line 197, in is_valid
    return self.is_bound and not self.errors
                                 ^^^^^^^^^^^
  File "D:\code\Python\IndustrySearcher\venv\Lib\site-packages\django\forms\forms.py", line 192, in errors
    self.full_clean()
  File "D:\code\Python\IndustrySearcher\venv\Lib\site-packages\django\forms\forms.py", line 326, in full_clean
    self._clean_form()
  File "D:\code\Python\IndustrySearcher\venv\Lib\site-packages\django\forms\forms.py", line 342, in _clean_form
    cleaned_data = self.clean()
                   ^^^^^^^^^^^^
  File "D:\code\Python\IndustrySearcher\app\web\forms.py", line 59, in clean
    keywords = cleaned_data.get('keywords', '').split(',')  # 將多選的值分割成列表
               ^^^^^^^^^^^^^^^^^^^^^^^^^^^^^^^^^^^^^^
AttributeError: 'list' object has no attribute 'split'
2025-03-07 10:53:29 [ERROR   ] (basehttp.log_message) "GET /filter/?industry=&keywords=%E8%BC%9D%E9%81%94+%E8%8B%B1%E6%A5%AD%E9%81%94&time_range=all HTTP/1.1" 500 99069
2025-03-07 10:53:29 [ERROR   ] (basehttp.log_message) "GET /filter/?industry=&keywords=%E8%BC%9D%E9%81%94+%E8%8B%B1%E6%A5%AD%E9%81%94&time_range=all HTTP/1.1" 500 99069
2025-03-07 10:53:35 [INFO    ] (autoreload.trigger_reload) D:\code\Python\IndustrySearcher\app\web\urls.py changed, reloading.
2025-03-07 10:53:35 [INFO    ] (autoreload.trigger_reload) D:\code\Python\IndustrySearcher\app\web\urls.py changed, reloading.
2025-03-07 10:53:36 [INFO    ] (autoreload.run_with_reloader) Watching for file changes with StatReloader
2025-03-07 10:53:36 [INFO    ] (autoreload.run_with_reloader) Watching for file changes with StatReloader
2025-03-07 10:53:47 [INFO    ] (autoreload.trigger_reload) D:\code\Python\IndustrySearcher\app\web\views.py changed, reloading.
2025-03-07 10:53:47 [INFO    ] (autoreload.trigger_reload) D:\code\Python\IndustrySearcher\app\web\views.py changed, reloading.
2025-03-07 10:53:48 [INFO    ] (autoreload.run_with_reloader) Watching for file changes with StatReloader
2025-03-07 10:53:48 [INFO    ] (autoreload.run_with_reloader) Watching for file changes with StatReloader
2025-03-07 10:53:49 [WARNING ] (log.log_response) Not Found: /filter/
2025-03-07 10:53:49 [WARNING ] (log.log_response) Not Found: /filter/
2025-03-07 10:53:49 [WARNING ] (basehttp.log_message) "GET /filter/ HTTP/1.1" 404 2984
2025-03-07 10:53:49 [WARNING ] (basehttp.log_message) "GET /filter/ HTTP/1.1" 404 2984
2025-03-07 10:53:52 [INFO    ] (autoreload.trigger_reload) D:\code\Python\IndustrySearcher\app\web\views.py changed, reloading.
2025-03-07 10:53:52 [INFO    ] (autoreload.trigger_reload) D:\code\Python\IndustrySearcher\app\web\views.py changed, reloading.
2025-03-07 10:53:53 [INFO    ] (autoreload.run_with_reloader) Watching for file changes with StatReloader
2025-03-07 10:53:53 [INFO    ] (autoreload.run_with_reloader) Watching for file changes with StatReloader
2025-03-07 10:53:55 [WARNING ] (log.log_response) Not Found: /filter/
2025-03-07 10:53:55 [WARNING ] (log.log_response) Not Found: /filter/
2025-03-07 10:53:55 [WARNING ] (basehttp.log_message) "GET /filter/ HTTP/1.1" 404 2984
2025-03-07 10:53:55 [WARNING ] (basehttp.log_message) "GET /filter/ HTTP/1.1" 404 2984
2025-03-07 10:54:07 [INFO    ] (autoreload.trigger_reload) D:\code\Python\IndustrySearcher\app\web\urls.py changed, reloading.
2025-03-07 10:54:07 [INFO    ] (autoreload.trigger_reload) D:\code\Python\IndustrySearcher\app\web\urls.py changed, reloading.
2025-03-07 10:54:07 [INFO    ] (autoreload.run_with_reloader) Watching for file changes with StatReloader
2025-03-07 10:54:07 [INFO    ] (autoreload.run_with_reloader) Watching for file changes with StatReloader
2025-03-07 10:54:09 [WARNING ] (log.log_response) Not Found: /filter/
2025-03-07 10:54:09 [WARNING ] (log.log_response) Not Found: /filter/
2025-03-07 10:54:09 [WARNING ] (basehttp.log_message) "GET /filter/ HTTP/1.1" 404 2984
2025-03-07 10:54:09 [WARNING ] (basehttp.log_message) "GET /filter/ HTTP/1.1" 404 2984
2025-03-07 10:54:29 [WARNING ] (log.log_response) Not Found: /filter/
2025-03-07 10:54:29 [WARNING ] (log.log_response) Not Found: /filter/
2025-03-07 10:54:29 [WARNING ] (basehttp.log_message) "GET /filter/ HTTP/1.1" 404 2984
2025-03-07 10:54:29 [WARNING ] (basehttp.log_message) "GET /filter/ HTTP/1.1" 404 2984
2025-03-07 10:54:51 [INFO    ] (basehttp.log_message) "GET / HTTP/1.1" 200 25245
2025-03-07 10:54:51 [INFO    ] (basehttp.log_message) "GET / HTTP/1.1" 200 25245
2025-03-07 10:55:09 [INFO    ] (basehttp.log_message) "GET /api/keywords/?industry= HTTP/1.1" 200 294
2025-03-07 10:55:09 [INFO    ] (basehttp.log_message) "GET /api/keywords/?industry= HTTP/1.1" 200 294
2025-03-07 10:55:12 [INFO    ] (basehttp.log_message) "GET /api/keywords/?q=%E3%84%8A&industry= HTTP/1.1" 200 2
2025-03-07 10:55:12 [INFO    ] (basehttp.log_message) "GET /api/keywords/?q=%E3%84%8A&industry= HTTP/1.1" 200 2
2025-03-07 10:55:14 [INFO    ] (basehttp.log_message) "GET /api/keywords/?q=%E5%8F%B0&industry= HTTP/1.1" 200 2
2025-03-07 10:55:14 [INFO    ] (basehttp.log_message) "GET /api/keywords/?q=%E5%8F%B0&industry= HTTP/1.1" 200 2
2025-03-07 10:55:15 [INFO    ] (basehttp.log_message) "GET /api/keywords/?q=%E5%8F%B0%E7%A9%8D%E9%9B%BB&industry= HTTP/1.1" 200 2
2025-03-07 10:55:15 [INFO    ] (basehttp.log_message) "GET /api/keywords/?q=%E5%8F%B0%E7%A9%8D%E9%9B%BB&industry= HTTP/1.1" 200 2
2025-03-07 10:55:16 [ERROR   ] (log.log_response) Internal Server Error: /
Traceback (most recent call last):
  File "D:\code\Python\IndustrySearcher\venv\Lib\site-packages\django\core\handlers\exception.py", line 55, in inner
    response = get_response(request)
               ^^^^^^^^^^^^^^^^^^^^^
  File "D:\code\Python\IndustrySearcher\venv\Lib\site-packages\django\core\handlers\base.py", line 197, in _get_response
    response = wrapped_callback(request, *callback_args, **callback_kwargs)
               ^^^^^^^^^^^^^^^^^^^^^^^^^^^^^^^^^^^^^^^^^^^^^^^^^^^^^^^^^^^^
  File "D:\code\Python\IndustrySearcher\app\web\views.py", line 56, in filter_news
    if form.is_valid():
       ^^^^^^^^^^^^^^^
  File "D:\code\Python\IndustrySearcher\venv\Lib\site-packages\django\forms\forms.py", line 197, in is_valid
    return self.is_bound and not self.errors
                                 ^^^^^^^^^^^
  File "D:\code\Python\IndustrySearcher\venv\Lib\site-packages\django\forms\forms.py", line 192, in errors
    self.full_clean()
  File "D:\code\Python\IndustrySearcher\venv\Lib\site-packages\django\forms\forms.py", line 326, in full_clean
    self._clean_form()
  File "D:\code\Python\IndustrySearcher\venv\Lib\site-packages\django\forms\forms.py", line 342, in _clean_form
    cleaned_data = self.clean()
                   ^^^^^^^^^^^^
  File "D:\code\Python\IndustrySearcher\app\web\forms.py", line 59, in clean
    keywords = cleaned_data.get('keywords', '').split(',')  # 將多選的值分割成列表
               ^^^^^^^^^^^^^^^^^^^^^^^^^^^^^^^^^^^^^^
AttributeError: 'list' object has no attribute 'split'
2025-03-07 10:55:16 [ERROR   ] (log.log_response) Internal Server Error: /
Traceback (most recent call last):
  File "D:\code\Python\IndustrySearcher\venv\Lib\site-packages\django\core\handlers\exception.py", line 55, in inner
    response = get_response(request)
               ^^^^^^^^^^^^^^^^^^^^^
  File "D:\code\Python\IndustrySearcher\venv\Lib\site-packages\django\core\handlers\base.py", line 197, in _get_response
    response = wrapped_callback(request, *callback_args, **callback_kwargs)
               ^^^^^^^^^^^^^^^^^^^^^^^^^^^^^^^^^^^^^^^^^^^^^^^^^^^^^^^^^^^^
  File "D:\code\Python\IndustrySearcher\app\web\views.py", line 56, in filter_news
    if form.is_valid():
       ^^^^^^^^^^^^^^^
  File "D:\code\Python\IndustrySearcher\venv\Lib\site-packages\django\forms\forms.py", line 197, in is_valid
    return self.is_bound and not self.errors
                                 ^^^^^^^^^^^
  File "D:\code\Python\IndustrySearcher\venv\Lib\site-packages\django\forms\forms.py", line 192, in errors
    self.full_clean()
  File "D:\code\Python\IndustrySearcher\venv\Lib\site-packages\django\forms\forms.py", line 326, in full_clean
    self._clean_form()
  File "D:\code\Python\IndustrySearcher\venv\Lib\site-packages\django\forms\forms.py", line 342, in _clean_form
    cleaned_data = self.clean()
                   ^^^^^^^^^^^^
  File "D:\code\Python\IndustrySearcher\app\web\forms.py", line 59, in clean
    keywords = cleaned_data.get('keywords', '').split(',')  # 將多選的值分割成列表
               ^^^^^^^^^^^^^^^^^^^^^^^^^^^^^^^^^^^^^^
AttributeError: 'list' object has no attribute 'split'
2025-03-07 10:55:16 [ERROR   ] (basehttp.log_message) "GET /?industry=&keywords=&time_range=all HTTP/1.1" 500 98457
2025-03-07 10:55:16 [ERROR   ] (basehttp.log_message) "GET /?industry=&keywords=&time_range=all HTTP/1.1" 500 98457
2025-03-07 10:55:36 [INFO    ] (basehttp.log_message) "GET /api/keywords/?industry= HTTP/1.1" 200 294
2025-03-07 10:55:36 [INFO    ] (basehttp.log_message) "GET /api/keywords/?industry= HTTP/1.1" 200 294
2025-03-07 10:55:38 [INFO    ] (basehttp.log_message) "GET /api/keywords/?industry= HTTP/1.1" 200 294
2025-03-07 10:55:38 [INFO    ] (basehttp.log_message) "GET /api/keywords/?industry= HTTP/1.1" 200 294
2025-03-07 10:55:39 [INFO    ] (basehttp.log_message) "GET /api/keywords/?industry= HTTP/1.1" 200 294
2025-03-07 10:55:39 [INFO    ] (basehttp.log_message) "GET /api/keywords/?industry= HTTP/1.1" 200 294
2025-03-07 10:55:41 [INFO    ] (basehttp.log_message) "GET /api/keywords/?industry= HTTP/1.1" 200 294
2025-03-07 10:55:41 [INFO    ] (basehttp.log_message) "GET /api/keywords/?industry= HTTP/1.1" 200 294
2025-03-07 10:55:46 [INFO    ] (basehttp.log_message) "GET /api/keywords/?industry= HTTP/1.1" 200 294
2025-03-07 10:55:46 [INFO    ] (basehttp.log_message) "GET /api/keywords/?industry= HTTP/1.1" 200 294
2025-03-07 10:55:53 [INFO    ] (basehttp.log_message) "GET / HTTP/1.1" 200 25245
2025-03-07 10:55:53 [INFO    ] (basehttp.log_message) "GET / HTTP/1.1" 200 25245
2025-03-07 10:56:00 [INFO    ] (basehttp.log_message) "GET /api/keywords/?industry= HTTP/1.1" 200 294
2025-03-07 10:56:00 [INFO    ] (basehttp.log_message) "GET /api/keywords/?industry= HTTP/1.1" 200 294
2025-03-07 10:56:06 [INFO    ] (basehttp.log_message) "GET /api/keywords/?q=AI&industry= HTTP/1.1" 200 19
2025-03-07 10:56:06 [INFO    ] (basehttp.log_message) "GET /api/keywords/?q=AI&industry= HTTP/1.1" 200 19
2025-03-07 10:56:08 [ERROR   ] (log.log_response) Internal Server Error: /
Traceback (most recent call last):
  File "D:\code\Python\IndustrySearcher\venv\Lib\site-packages\django\core\handlers\exception.py", line 55, in inner
    response = get_response(request)
               ^^^^^^^^^^^^^^^^^^^^^
  File "D:\code\Python\IndustrySearcher\venv\Lib\site-packages\django\core\handlers\base.py", line 197, in _get_response
    response = wrapped_callback(request, *callback_args, **callback_kwargs)
               ^^^^^^^^^^^^^^^^^^^^^^^^^^^^^^^^^^^^^^^^^^^^^^^^^^^^^^^^^^^^
  File "D:\code\Python\IndustrySearcher\app\web\views.py", line 56, in filter_news
    if form.is_valid():
       ^^^^^^^^^^^^^^^
  File "D:\code\Python\IndustrySearcher\venv\Lib\site-packages\django\forms\forms.py", line 197, in is_valid
    return self.is_bound and not self.errors
                                 ^^^^^^^^^^^
  File "D:\code\Python\IndustrySearcher\venv\Lib\site-packages\django\forms\forms.py", line 192, in errors
    self.full_clean()
  File "D:\code\Python\IndustrySearcher\venv\Lib\site-packages\django\forms\forms.py", line 326, in full_clean
    self._clean_form()
  File "D:\code\Python\IndustrySearcher\venv\Lib\site-packages\django\forms\forms.py", line 342, in _clean_form
    cleaned_data = self.clean()
                   ^^^^^^^^^^^^
  File "D:\code\Python\IndustrySearcher\app\web\forms.py", line 59, in clean
    keywords = cleaned_data.get('keywords', '').split(',')  # 將多選的值分割成列表
               ^^^^^^^^^^^^^^^^^^^^^^^^^^^^^^^^^^^^^^
AttributeError: 'list' object has no attribute 'split'
2025-03-07 10:56:08 [ERROR   ] (log.log_response) Internal Server Error: /
Traceback (most recent call last):
  File "D:\code\Python\IndustrySearcher\venv\Lib\site-packages\django\core\handlers\exception.py", line 55, in inner
    response = get_response(request)
               ^^^^^^^^^^^^^^^^^^^^^
  File "D:\code\Python\IndustrySearcher\venv\Lib\site-packages\django\core\handlers\base.py", line 197, in _get_response
    response = wrapped_callback(request, *callback_args, **callback_kwargs)
               ^^^^^^^^^^^^^^^^^^^^^^^^^^^^^^^^^^^^^^^^^^^^^^^^^^^^^^^^^^^^
  File "D:\code\Python\IndustrySearcher\app\web\views.py", line 56, in filter_news
    if form.is_valid():
       ^^^^^^^^^^^^^^^
  File "D:\code\Python\IndustrySearcher\venv\Lib\site-packages\django\forms\forms.py", line 197, in is_valid
    return self.is_bound and not self.errors
                                 ^^^^^^^^^^^
  File "D:\code\Python\IndustrySearcher\venv\Lib\site-packages\django\forms\forms.py", line 192, in errors
    self.full_clean()
  File "D:\code\Python\IndustrySearcher\venv\Lib\site-packages\django\forms\forms.py", line 326, in full_clean
    self._clean_form()
  File "D:\code\Python\IndustrySearcher\venv\Lib\site-packages\django\forms\forms.py", line 342, in _clean_form
    cleaned_data = self.clean()
                   ^^^^^^^^^^^^
  File "D:\code\Python\IndustrySearcher\app\web\forms.py", line 59, in clean
    keywords = cleaned_data.get('keywords', '').split(',')  # 將多選的值分割成列表
               ^^^^^^^^^^^^^^^^^^^^^^^^^^^^^^^^^^^^^^
AttributeError: 'list' object has no attribute 'split'
2025-03-07 10:56:08 [ERROR   ] (basehttp.log_message) "GET /?industry=&keywords=AI&time_range=all HTTP/1.1" 500 98485
2025-03-07 10:56:08 [ERROR   ] (basehttp.log_message) "GET /?industry=&keywords=AI&time_range=all HTTP/1.1" 500 98485
2025-03-07 10:56:41 [INFO    ] (autoreload.trigger_reload) D:\code\Python\IndustrySearcher\app\web\forms.py changed, reloading.
2025-03-07 10:56:41 [INFO    ] (autoreload.trigger_reload) D:\code\Python\IndustrySearcher\app\web\forms.py changed, reloading.
2025-03-07 10:56:42 [INFO    ] (autoreload.run_with_reloader) Watching for file changes with StatReloader
2025-03-07 10:56:42 [INFO    ] (autoreload.run_with_reloader) Watching for file changes with StatReloader
2025-03-07 10:56:43 [INFO    ] (autoreload.trigger_reload) D:\code\Python\IndustrySearcher\app\web\forms.py changed, reloading.
2025-03-07 10:56:43 [INFO    ] (autoreload.trigger_reload) D:\code\Python\IndustrySearcher\app\web\forms.py changed, reloading.
2025-03-07 10:56:44 [INFO    ] (autoreload.run_with_reloader) Watching for file changes with StatReloader
2025-03-07 10:56:44 [INFO    ] (autoreload.run_with_reloader) Watching for file changes with StatReloader
2025-03-07 10:56:56 [INFO    ] (basehttp.log_message) "GET /api/keywords/?industry= HTTP/1.1" 200 294
2025-03-07 10:56:56 [INFO    ] (basehttp.log_message) "GET /api/keywords/?industry= HTTP/1.1" 200 294
2025-03-07 10:56:58 [INFO    ] (basehttp.log_message) "GET /api/keywords/?industry= HTTP/1.1" 200 294
2025-03-07 10:56:58 [INFO    ] (basehttp.log_message) "GET /api/keywords/?industry= HTTP/1.1" 200 294
2025-03-07 10:56:59 [INFO    ] (basehttp.log_message) "GET /api/keywords/?q=%E3%84%8A&industry= HTTP/1.1" 200 2
2025-03-07 10:56:59 [INFO    ] (basehttp.log_message) "GET /api/keywords/?q=%E3%84%8A&industry= HTTP/1.1" 200 2
2025-03-07 10:57:01 [INFO    ] (basehttp.log_message) "GET /api/keywords/?q=%E5%8F%B0%E7%A9%8D%E9%9B%BB&industry= HTTP/1.1" 200 2
2025-03-07 10:57:01 [INFO    ] (basehttp.log_message) "GET /api/keywords/?q=%E5%8F%B0%E7%A9%8D%E9%9B%BB&industry= HTTP/1.1" 200 2
2025-03-07 10:57:05 [INFO    ] (basehttp.log_message) "GET /api/keywords/?industry= HTTP/1.1" 200 294
2025-03-07 10:57:05 [INFO    ] (basehttp.log_message) "GET /api/keywords/?industry= HTTP/1.1" 200 294
2025-03-07 10:57:07 [INFO    ] (basehttp.log_message) "GET /api/keywords/?q=%E5%8F%B0&industry= HTTP/1.1" 200 2
2025-03-07 10:57:07 [INFO    ] (basehttp.log_message) "GET /api/keywords/?q=%E5%8F%B0&industry= HTTP/1.1" 200 2
2025-03-07 10:57:08 [INFO    ] (basehttp.log_message) "GET /api/keywords/?q=%E5%8F%B0%E7%A9%8D%E9%9B%BB&industry= HTTP/1.1" 200 2
2025-03-07 10:57:08 [INFO    ] (basehttp.log_message) "GET /api/keywords/?q=%E5%8F%B0%E7%A9%8D%E9%9B%BB&industry= HTTP/1.1" 200 2
2025-03-07 10:57:09 [INFO    ] (basehttp.log_message) "GET /?industry=&keywords=%E5%8F%B0%E7%A9%8D%E9%9B%BB&time_range=all HTTP/1.1" 200 17873
2025-03-07 10:57:09 [INFO    ] (basehttp.log_message) "GET /?industry=&keywords=%E5%8F%B0%E7%A9%8D%E9%9B%BB&time_range=all HTTP/1.1" 200 17873
2025-03-07 10:58:03 [INFO    ] (autoreload.trigger_reload) D:\code\Python\IndustrySearcher\app\web\forms.py changed, reloading.
2025-03-07 10:58:03 [INFO    ] (autoreload.trigger_reload) D:\code\Python\IndustrySearcher\app\web\forms.py changed, reloading.
2025-03-07 10:58:03 [INFO    ] (autoreload.run_with_reloader) Watching for file changes with StatReloader
2025-03-07 10:58:03 [INFO    ] (autoreload.run_with_reloader) Watching for file changes with StatReloader
2025-03-07 10:58:08 [INFO    ] (autoreload.trigger_reload) D:\code\Python\IndustrySearcher\app\web\forms.py changed, reloading.
2025-03-07 10:58:08 [INFO    ] (autoreload.trigger_reload) D:\code\Python\IndustrySearcher\app\web\forms.py changed, reloading.
2025-03-07 10:58:09 [INFO    ] (autoreload.run_with_reloader) Watching for file changes with StatReloader
2025-03-07 10:58:09 [INFO    ] (autoreload.run_with_reloader) Watching for file changes with StatReloader
2025-03-07 10:59:49 [INFO    ] (basehttp.log_message) "GET /?industry=&keywords=%E5%8F%B0%E7%A9%8D%E9%9B%BB&time_range=all HTTP/1.1" 200 9936
2025-03-07 10:59:49 [INFO    ] (basehttp.log_message) "GET /?industry=&keywords=%E5%8F%B0%E7%A9%8D%E9%9B%BB&time_range=all HTTP/1.1" 200 9936
2025-03-07 10:59:52 [INFO    ] (basehttp.log_message) "GET /api/keywords/?industry= HTTP/1.1" 200 294
2025-03-07 10:59:52 [INFO    ] (basehttp.log_message) "GET /api/keywords/?industry= HTTP/1.1" 200 294
2025-03-07 10:59:57 [INFO    ] (basehttp.log_message) "GET /?industry=&keywords=AI&time_range=all HTTP/1.1" 200 9945
2025-03-07 10:59:57 [INFO    ] (basehttp.log_message) "GET /?industry=&keywords=AI&time_range=all HTTP/1.1" 200 9945
2025-03-07 11:00:09 [INFO    ] (basehttp.log_message) "GET /api/keywords/?industry= HTTP/1.1" 200 294
2025-03-07 11:00:09 [INFO    ] (basehttp.log_message) "GET /api/keywords/?industry= HTTP/1.1" 200 294
2025-03-07 11:00:13 [INFO    ] (basehttp.log_message) "GET /api/keywords/?q=%E5%8F%B0%E7%A9%8D%E9%9B%BB&industry= HTTP/1.1" 200 2
2025-03-07 11:00:13 [INFO    ] (basehttp.log_message) "GET /api/keywords/?q=%E5%8F%B0%E7%A9%8D%E9%9B%BB&industry= HTTP/1.1" 200 2
2025-03-07 11:00:14 [INFO    ] (basehttp.log_message) "GET /?industry=&time_range=all HTTP/1.1" 200 27156
2025-03-07 11:00:14 [INFO    ] (basehttp.log_message) "GET /?industry=&time_range=all HTTP/1.1" 200 27156
2025-03-07 11:00:27 [INFO    ] (basehttp.log_message) "GET / HTTP/1.1" 200 27056
2025-03-07 11:00:27 [INFO    ] (basehttp.log_message) "GET / HTTP/1.1" 200 27056
2025-03-07 11:00:28 [INFO    ] (basehttp.log_message) "GET /api/keywords/?industry= HTTP/1.1" 200 294
2025-03-07 11:00:28 [INFO    ] (basehttp.log_message) "GET /api/keywords/?industry= HTTP/1.1" 200 294
2025-03-07 11:00:37 [INFO    ] (basehttp.log_message) "GET /api/keywords/?q=%E5%8F%B0&industry= HTTP/1.1" 200 2
2025-03-07 11:00:37 [INFO    ] (basehttp.log_message) "GET /api/keywords/?q=%E5%8F%B0&industry= HTTP/1.1" 200 2
2025-03-07 11:00:38 [INFO    ] (basehttp.log_message) "GET /api/keywords/?q=%E5%8F%B0%E3%84%89%E3%84%A7&industry= HTTP/1.1" 200 2
2025-03-07 11:00:38 [INFO    ] (basehttp.log_message) "GET /api/keywords/?q=%E5%8F%B0%E3%84%89%E3%84%A7&industry= HTTP/1.1" 200 2
2025-03-07 11:00:39 [INFO    ] (basehttp.log_message) "GET /api/keywords/?q=%E5%8F%B0%E3%84%90%E3%84%A7&industry= HTTP/1.1" 200 2
2025-03-07 11:00:39 [INFO    ] (basehttp.log_message) "GET /api/keywords/?q=%E5%8F%B0%E3%84%90%E3%84%A7&industry= HTTP/1.1" 200 2
2025-03-07 11:00:39 [INFO    ] (basehttp.log_message) "GET /api/keywords/?q=%E5%8F%B0%E7%A9%8D%E9%9B%BB&industry= HTTP/1.1" 200 2
2025-03-07 11:00:39 [INFO    ] (basehttp.log_message) "GET /api/keywords/?q=%E5%8F%B0%E7%A9%8D%E9%9B%BB&industry= HTTP/1.1" 200 2
2025-03-07 11:00:41 [INFO    ] (basehttp.log_message) "GET /api/keywords/?q=%E5%8F%B0%E7%A9%8D%E9%9B%BB&industry= HTTP/1.1" 200 2
2025-03-07 11:00:41 [INFO    ] (basehttp.log_message) "GET /api/keywords/?q=%E5%8F%B0%E7%A9%8D%E9%9B%BB&industry= HTTP/1.1" 200 2
2025-03-07 11:00:43 [INFO    ] (basehttp.log_message) "GET /?industry=&keywords=%E5%8F%B0%E7%A9%8D%E9%9B%BB&time_range=all HTTP/1.1" 200 9936
2025-03-07 11:00:43 [INFO    ] (basehttp.log_message) "GET /?industry=&keywords=%E5%8F%B0%E7%A9%8D%E9%9B%BB&time_range=all HTTP/1.1" 200 9936
2025-03-07 11:00:45 [INFO    ] (basehttp.log_message) "GET /api/keywords/?industry= HTTP/1.1" 200 294
2025-03-07 11:00:45 [INFO    ] (basehttp.log_message) "GET /api/keywords/?industry= HTTP/1.1" 200 294
2025-03-07 11:00:49 [INFO    ] (basehttp.log_message) "GET /api/keywords/?q=%E5%8F%B0%E7%A9%8D%E9%9B%BB&industry= HTTP/1.1" 200 2
2025-03-07 11:00:49 [INFO    ] (basehttp.log_message) "GET /api/keywords/?q=%E5%8F%B0%E7%A9%8D%E9%9B%BB&industry= HTTP/1.1" 200 2
2025-03-07 11:00:50 [INFO    ] (basehttp.log_message) "GET /?industry=&time_range=all HTTP/1.1" 200 27156
2025-03-07 11:00:50 [INFO    ] (basehttp.log_message) "GET /?industry=&time_range=all HTTP/1.1" 200 27156
2025-03-07 11:03:16 [INFO    ] (autoreload.trigger_reload) D:\code\Python\IndustrySearcher\app\web\forms.py changed, reloading.
2025-03-07 11:03:16 [INFO    ] (autoreload.trigger_reload) D:\code\Python\IndustrySearcher\app\web\forms.py changed, reloading.
2025-03-07 11:03:17 [INFO    ] (autoreload.run_with_reloader) Watching for file changes with StatReloader
2025-03-07 11:03:17 [INFO    ] (autoreload.run_with_reloader) Watching for file changes with StatReloader
2025-03-07 11:03:49 [INFO    ] (autoreload.trigger_reload) D:\code\Python\IndustrySearcher\app\web\forms.py changed, reloading.
2025-03-07 11:03:49 [INFO    ] (autoreload.trigger_reload) D:\code\Python\IndustrySearcher\app\web\forms.py changed, reloading.
2025-03-07 11:03:50 [INFO    ] (autoreload.run_with_reloader) Watching for file changes with StatReloader
2025-03-07 11:03:50 [INFO    ] (autoreload.run_with_reloader) Watching for file changes with StatReloader
2025-03-07 11:04:33 [INFO    ] (basehttp.log_message) "GET /?industry=&time_range=all HTTP/1.1" 200 27715
2025-03-07 11:04:33 [INFO    ] (basehttp.log_message) "GET /?industry=&time_range=all HTTP/1.1" 200 27715
2025-03-07 11:04:35 [INFO    ] (basehttp.log_message) "GET /api/keywords/?industry= HTTP/1.1" 200 294
2025-03-07 11:04:35 [INFO    ] (basehttp.log_message) "GET /api/keywords/?industry= HTTP/1.1" 200 294
2025-03-07 11:04:37 [INFO    ] (basehttp.log_message) "GET /api/keywords/?q=%E5%8F%B0&industry= HTTP/1.1" 200 2
2025-03-07 11:04:37 [INFO    ] (basehttp.log_message) "GET /api/keywords/?q=%E5%8F%B0&industry= HTTP/1.1" 200 2
2025-03-07 11:04:38 [INFO    ] (basehttp.log_message) "GET /api/keywords/?q=%E5%8F%B0%E7%A9%8D%E9%9B%BB&industry= HTTP/1.1" 200 2
2025-03-07 11:04:38 [INFO    ] (basehttp.log_message) "GET /api/keywords/?q=%E5%8F%B0%E7%A9%8D%E9%9B%BB&industry= HTTP/1.1" 200 2
2025-03-07 11:04:40 [INFO    ] (basehttp.log_message) "GET /?industry=&time_range=all HTTP/1.1" 200 27715
2025-03-07 11:04:40 [INFO    ] (basehttp.log_message) "GET /?industry=&time_range=all HTTP/1.1" 200 27715
2025-03-07 11:04:47 [INFO    ] (basehttp.log_message) "GET /api/keywords/?industry= HTTP/1.1" 200 294
2025-03-07 11:04:47 [INFO    ] (basehttp.log_message) "GET /api/keywords/?industry= HTTP/1.1" 200 294
2025-03-07 11:04:50 [INFO    ] (basehttp.log_message) "GET /api/keywords/?q=A&industry= HTTP/1.1" 200 19
2025-03-07 11:04:50 [INFO    ] (basehttp.log_message) "GET /api/keywords/?q=A&industry= HTTP/1.1" 200 19
2025-03-07 11:04:50 [INFO    ] (basehttp.log_message) "GET /api/keywords/?q=AI&industry= HTTP/1.1" 200 19
2025-03-07 11:04:50 [INFO    ] (basehttp.log_message) "GET /api/keywords/?q=AI&industry= HTTP/1.1" 200 19
2025-03-07 11:05:57 [INFO    ] (autoreload.trigger_reload) D:\code\Python\IndustrySearcher\app\web\forms.py changed, reloading.
2025-03-07 11:05:57 [INFO    ] (autoreload.trigger_reload) D:\code\Python\IndustrySearcher\app\web\forms.py changed, reloading.
2025-03-07 11:05:58 [INFO    ] (autoreload.run_with_reloader) Watching for file changes with StatReloader
2025-03-07 11:05:58 [INFO    ] (autoreload.run_with_reloader) Watching for file changes with StatReloader
2025-03-07 11:06:15 [INFO    ] (autoreload.trigger_reload) D:\code\Python\IndustrySearcher\app\web\forms.py changed, reloading.
2025-03-07 11:06:15 [INFO    ] (autoreload.trigger_reload) D:\code\Python\IndustrySearcher\app\web\forms.py changed, reloading.
2025-03-07 11:06:15 [INFO    ] (autoreload.run_with_reloader) Watching for file changes with StatReloader
2025-03-07 11:06:15 [INFO    ] (autoreload.run_with_reloader) Watching for file changes with StatReloader
2025-03-07 11:06:37 [INFO    ] (basehttp.log_message) "GET /?industry=&time_range=all HTTP/1.1" 200 28676
2025-03-07 11:06:37 [INFO    ] (basehttp.log_message) "GET /?industry=&time_range=all HTTP/1.1" 200 28676
2025-03-07 11:06:38 [INFO    ] (basehttp.log_message) "GET /api/keywords/?industry= HTTP/1.1" 200 294
2025-03-07 11:06:38 [INFO    ] (basehttp.log_message) "GET /api/keywords/?industry= HTTP/1.1" 200 294
2025-03-07 11:06:40 [INFO    ] (basehttp.log_message) "GET /api/keywords/?q=%E3%84%8A%E3%84%9E&industry= HTTP/1.1" 200 2
2025-03-07 11:06:40 [INFO    ] (basehttp.log_message) "GET /api/keywords/?q=%E3%84%8A%E3%84%9E&industry= HTTP/1.1" 200 2
2025-03-07 11:06:40 [INFO    ] (basehttp.log_message) "GET /api/keywords/?q=%E5%8F%B0&industry= HTTP/1.1" 200 2
2025-03-07 11:06:40 [INFO    ] (basehttp.log_message) "GET /api/keywords/?q=%E5%8F%B0&industry= HTTP/1.1" 200 2
2025-03-07 11:06:41 [INFO    ] (basehttp.log_message) "GET /api/keywords/?q=%E5%8F%B0%E7%A9%8D%E9%9B%BB&industry= HTTP/1.1" 200 2
2025-03-07 11:06:41 [INFO    ] (basehttp.log_message) "GET /api/keywords/?q=%E5%8F%B0%E7%A9%8D%E9%9B%BB&industry= HTTP/1.1" 200 2
2025-03-07 11:06:49 [INFO    ] (basehttp.log_message) "GET /api/keywords/?industry= HTTP/1.1" 200 294
2025-03-07 11:06:49 [INFO    ] (basehttp.log_message) "GET /api/keywords/?industry= HTTP/1.1" 200 294
2025-03-07 11:06:49 [INFO    ] (basehttp.log_message) "GET /api/keywords/?industry= HTTP/1.1" 200 294
2025-03-07 11:06:49 [INFO    ] (basehttp.log_message) "GET /api/keywords/?industry= HTTP/1.1" 200 294
2025-03-07 11:06:51 [INFO    ] (basehttp.log_message) "GET /api/keywords/?q=%E5%8F%B0&industry= HTTP/1.1" 200 2
2025-03-07 11:06:51 [INFO    ] (basehttp.log_message) "GET /api/keywords/?q=%E5%8F%B0&industry= HTTP/1.1" 200 2
2025-03-07 11:06:52 [INFO    ] (basehttp.log_message) "GET /api/keywords/?q=%E5%8F%B0%E7%A9%8D&industry= HTTP/1.1" 200 2
2025-03-07 11:06:52 [INFO    ] (basehttp.log_message) "GET /api/keywords/?q=%E5%8F%B0%E7%A9%8D&industry= HTTP/1.1" 200 2
2025-03-07 11:06:53 [INFO    ] (basehttp.log_message) "GET /api/keywords/?q=%E5%8F%B0%E7%A9%8D%E9%9B%BB&industry= HTTP/1.1" 200 2
2025-03-07 11:06:53 [INFO    ] (basehttp.log_message) "GET /api/keywords/?q=%E5%8F%B0%E7%A9%8D%E9%9B%BB&industry= HTTP/1.1" 200 2
2025-03-07 11:06:53 [INFO    ] (basehttp.log_message) "GET /api/keywords/?q=%E5%8F%B0%E7%A9%8D%E9%9B%BB&industry= HTTP/1.1" 200 2
2025-03-07 11:06:53 [INFO    ] (basehttp.log_message) "GET /api/keywords/?q=%E5%8F%B0%E7%A9%8D%E9%9B%BB&industry= HTTP/1.1" 200 2
2025-03-07 11:06:58 [INFO    ] (basehttp.log_message) "GET /?industry=&time_range=all HTTP/1.1" 200 28676
2025-03-07 11:06:58 [INFO    ] (basehttp.log_message) "GET /?industry=&time_range=all HTTP/1.1" 200 28676
2025-03-07 11:07:00 [INFO    ] (basehttp.log_message) "GET /api/keywords/?industry= HTTP/1.1" 200 294
2025-03-07 11:07:00 [INFO    ] (basehttp.log_message) "GET /api/keywords/?industry= HTTP/1.1" 200 294
2025-03-07 11:07:05 [INFO    ] (basehttp.log_message) "GET /api/keywords/?q=%E3%84%8A%E3%84%9E&industry= HTTP/1.1" 200 2
2025-03-07 11:07:05 [INFO    ] (basehttp.log_message) "GET /api/keywords/?q=%E3%84%8A%E3%84%9E&industry= HTTP/1.1" 200 2
2025-03-07 11:07:06 [INFO    ] (basehttp.log_message) "GET /api/keywords/?q=%E5%8F%B0&industry= HTTP/1.1" 200 2
2025-03-07 11:07:06 [INFO    ] (basehttp.log_message) "GET /api/keywords/?q=%E5%8F%B0&industry= HTTP/1.1" 200 2
2025-03-07 11:07:07 [INFO    ] (basehttp.log_message) "GET /api/keywords/?q=%E5%8F%B0%E7%A9%8D%E9%9B%BB&industry= HTTP/1.1" 200 2
2025-03-07 11:07:07 [INFO    ] (basehttp.log_message) "GET /api/keywords/?q=%E5%8F%B0%E7%A9%8D%E9%9B%BB&industry= HTTP/1.1" 200 2
2025-03-07 11:13:48 [INFO    ] (basehttp.log_message) "GET /?industry=&time_range=all HTTP/1.1" 200 29321
2025-03-07 11:13:48 [INFO    ] (basehttp.log_message) "GET /?industry=&time_range=all HTTP/1.1" 200 29321
2025-03-07 11:13:50 [INFO    ] (basehttp.log_message) "GET /api/keywords/?industry= HTTP/1.1" 200 294
2025-03-07 11:13:50 [INFO    ] (basehttp.log_message) "GET /api/keywords/?industry= HTTP/1.1" 200 294
2025-03-07 11:13:51 [INFO    ] (basehttp.log_message) "GET /api/keywords/?q=%E3%84%8A&industry= HTTP/1.1" 200 2
2025-03-07 11:13:51 [INFO    ] (basehttp.log_message) "GET /api/keywords/?q=%E3%84%8A&industry= HTTP/1.1" 200 2
2025-03-07 11:13:53 [INFO    ] (basehttp.log_message) "GET /api/keywords/?q=%E5%8F%B0%E7%A9%8D%E9%9B%BB&industry= HTTP/1.1" 200 2
2025-03-07 11:13:53 [INFO    ] (basehttp.log_message) "GET /api/keywords/?q=%E5%8F%B0%E7%A9%8D%E9%9B%BB&industry= HTTP/1.1" 200 2
2025-03-07 11:13:53 [INFO    ] (basehttp.log_message) "GET /api/keywords/?q=%E5%8F%B0%E7%A9%8D%E9%9B%BB&industry= HTTP/1.1" 200 2
2025-03-07 11:13:53 [INFO    ] (basehttp.log_message) "GET /api/keywords/?q=%E5%8F%B0%E7%A9%8D%E9%9B%BB&industry= HTTP/1.1" 200 2
2025-03-07 11:13:55 [INFO    ] (basehttp.log_message) "GET /api/keywords/?industry= HTTP/1.1" 200 294
2025-03-07 11:13:55 [INFO    ] (basehttp.log_message) "GET /api/keywords/?industry= HTTP/1.1" 200 294
2025-03-07 11:13:58 [INFO    ] (basehttp.log_message) "GET /api/keywords/?q=%E5%8F%B0%E7%A9%8D%E9%9B%BB&industry= HTTP/1.1" 200 2
2025-03-07 11:13:58 [INFO    ] (basehttp.log_message) "GET /api/keywords/?q=%E5%8F%B0%E7%A9%8D%E9%9B%BB&industry= HTTP/1.1" 200 2
2025-03-07 11:14:00 [INFO    ] (basehttp.log_message) "GET /?industry=&time_range=all HTTP/1.1" 200 29321
2025-03-07 11:14:00 [INFO    ] (basehttp.log_message) "GET /?industry=&time_range=all HTTP/1.1" 200 29321
2025-03-07 11:14:21 [INFO    ] (basehttp.log_message) "GET /api/keywords/?industry= HTTP/1.1" 200 294
2025-03-07 11:14:21 [INFO    ] (basehttp.log_message) "GET /api/keywords/?industry= HTTP/1.1" 200 294
2025-03-07 11:14:23 [INFO    ] (basehttp.log_message) "GET /api/keywords/?q=%E5%8F%B0%E7%A9%8D%E9%9B%BB&industry= HTTP/1.1" 200 2
2025-03-07 11:14:23 [INFO    ] (basehttp.log_message) "GET /api/keywords/?q=%E5%8F%B0%E7%A9%8D%E9%9B%BB&industry= HTTP/1.1" 200 2
2025-03-07 11:14:24 [INFO    ] (basehttp.log_message) "GET /?industry=&time_range=all HTTP/1.1" 200 29321
2025-03-07 11:14:24 [INFO    ] (basehttp.log_message) "GET /?industry=&time_range=all HTTP/1.1" 200 29321
2025-03-07 11:17:26 [INFO    ] (basehttp.log_message) "GET /?industry=&time_range=all HTTP/1.1" 200 29425
2025-03-07 11:17:26 [INFO    ] (basehttp.log_message) "GET /?industry=&time_range=all HTTP/1.1" 200 29425
2025-03-07 11:17:27 [INFO    ] (basehttp.log_message) "GET / HTTP/1.1" 200 29325
2025-03-07 11:17:27 [INFO    ] (basehttp.log_message) "GET / HTTP/1.1" 200 29325
2025-03-07 11:17:30 [INFO    ] (basehttp.log_message) "GET /api/keywords/?industry= HTTP/1.1" 200 294
2025-03-07 11:17:30 [INFO    ] (basehttp.log_message) "GET /api/keywords/?industry= HTTP/1.1" 200 294
2025-03-07 11:17:31 [INFO    ] (basehttp.log_message) "GET /api/keywords/?q=%E3%84%8A&industry= HTTP/1.1" 200 2
2025-03-07 11:17:31 [INFO    ] (basehttp.log_message) "GET /api/keywords/?q=%E3%84%8A&industry= HTTP/1.1" 200 2
2025-03-07 11:17:32 [INFO    ] (basehttp.log_message) "GET /api/keywords/?q=%E5%8F%B0&industry= HTTP/1.1" 200 2
2025-03-07 11:17:32 [INFO    ] (basehttp.log_message) "GET /api/keywords/?q=%E5%8F%B0&industry= HTTP/1.1" 200 2
2025-03-07 11:17:32 [INFO    ] (basehttp.log_message) "GET /api/keywords/?q=%E5%8F%B0%E7%A9%8D&industry= HTTP/1.1" 200 2
2025-03-07 11:17:32 [INFO    ] (basehttp.log_message) "GET /api/keywords/?q=%E5%8F%B0%E7%A9%8D&industry= HTTP/1.1" 200 2
2025-03-07 11:17:35 [INFO    ] (basehttp.log_message) "GET /api/keywords/?q=%E5%8F%B0%E7%A9%8D&industry= HTTP/1.1" 200 2
2025-03-07 11:17:35 [INFO    ] (basehttp.log_message) "GET /api/keywords/?q=%E5%8F%B0%E7%A9%8D&industry= HTTP/1.1" 200 2
2025-03-07 11:17:37 [INFO    ] (basehttp.log_message) "GET /api/keywords/?industry= HTTP/1.1" 200 294
2025-03-07 11:17:37 [INFO    ] (basehttp.log_message) "GET /api/keywords/?industry= HTTP/1.1" 200 294
2025-03-07 11:17:38 [INFO    ] (basehttp.log_message) "GET /api/keywords/?industry= HTTP/1.1" 200 294
2025-03-07 11:17:38 [INFO    ] (basehttp.log_message) "GET /api/keywords/?industry= HTTP/1.1" 200 294
2025-03-07 11:17:40 [INFO    ] (basehttp.log_message) "GET /api/keywords/?q=%E5%8F%B0%E7%A9%8D&industry= HTTP/1.1" 200 2
2025-03-07 11:17:40 [INFO    ] (basehttp.log_message) "GET /api/keywords/?q=%E5%8F%B0%E7%A9%8D&industry= HTTP/1.1" 200 2
2025-03-07 11:17:40 [INFO    ] (basehttp.log_message) "GET /api/keywords/?q=%E5%8F%B0%E7%A9%8D&industry= HTTP/1.1" 200 2
2025-03-07 11:17:40 [INFO    ] (basehttp.log_message) "GET /api/keywords/?q=%E5%8F%B0%E7%A9%8D&industry= HTTP/1.1" 200 2
2025-03-07 11:17:42 [INFO    ] (basehttp.log_message) "GET /?industry=&time_range=all HTTP/1.1" 200 29425
2025-03-07 11:17:42 [INFO    ] (basehttp.log_message) "GET /?industry=&time_range=all HTTP/1.1" 200 29425
2025-03-07 11:18:01 [INFO    ] (autoreload.run_with_reloader) Watching for file changes with StatReloader
2025-03-07 11:18:01 [INFO    ] (autoreload.run_with_reloader) Watching for file changes with StatReloader
2025-03-07 11:18:03 [INFO    ] (basehttp.log_message) "GET /?industry=&time_range=all HTTP/1.1" 200 29425
2025-03-07 11:18:03 [INFO    ] (basehttp.log_message) "GET /?industry=&time_range=all HTTP/1.1" 200 29425
2025-03-07 11:18:06 [INFO    ] (basehttp.log_message) "GET / HTTP/1.1" 200 29325
2025-03-07 11:18:06 [INFO    ] (basehttp.log_message) "GET / HTTP/1.1" 200 29325
2025-03-07 11:18:07 [INFO    ] (basehttp.log_message) "GET /api/keywords/?industry= HTTP/1.1" 200 294
2025-03-07 11:18:07 [INFO    ] (basehttp.log_message) "GET /api/keywords/?industry= HTTP/1.1" 200 294
2025-03-07 11:18:09 [INFO    ] (basehttp.log_message) "GET /api/keywords/?q=%E3%84%8A%E3%84%9E&industry= HTTP/1.1" 200 2
2025-03-07 11:18:09 [INFO    ] (basehttp.log_message) "GET /api/keywords/?q=%E3%84%8A%E3%84%9E&industry= HTTP/1.1" 200 2
2025-03-07 11:18:09 [INFO    ] (basehttp.log_message) "GET /api/keywords/?q=%E5%8F%B0&industry= HTTP/1.1" 200 2
2025-03-07 11:18:09 [INFO    ] (basehttp.log_message) "GET /api/keywords/?q=%E5%8F%B0&industry= HTTP/1.1" 200 2
2025-03-07 11:18:10 [INFO    ] (basehttp.log_message) "GET /api/keywords/?q=%E5%8F%B0%E7%A9%8D&industry= HTTP/1.1" 200 2
2025-03-07 11:18:10 [INFO    ] (basehttp.log_message) "GET /api/keywords/?q=%E5%8F%B0%E7%A9%8D&industry= HTTP/1.1" 200 2
2025-03-07 11:18:10 [INFO    ] (basehttp.log_message) "GET /api/keywords/?q=%E5%8F%B0%E7%A9%8D&industry= HTTP/1.1" 200 2
2025-03-07 11:18:10 [INFO    ] (basehttp.log_message) "GET /api/keywords/?q=%E5%8F%B0%E7%A9%8D&industry= HTTP/1.1" 200 2
2025-03-07 11:18:12 [INFO    ] (basehttp.log_message) "GET /?industry=&time_range=all HTTP/1.1" 200 29425
2025-03-07 11:18:12 [INFO    ] (basehttp.log_message) "GET /?industry=&time_range=all HTTP/1.1" 200 29425
2025-03-07 11:19:48 [INFO    ] (basehttp.log_message) "GET /api/keywords/?industry= HTTP/1.1" 200 294
2025-03-07 11:19:48 [INFO    ] (basehttp.log_message) "GET /api/keywords/?industry= HTTP/1.1" 200 294
2025-03-07 11:19:50 [INFO    ] (basehttp.log_message) "GET /api/keywords/?q=%E3%84%8A&industry= HTTP/1.1" 200 2
2025-03-07 11:19:50 [INFO    ] (basehttp.log_message) "GET /api/keywords/?q=%E3%84%8A&industry= HTTP/1.1" 200 2
2025-03-07 11:19:51 [INFO    ] (basehttp.log_message) "GET /api/keywords/?q=%E5%8F%B0%E7%A9%8D&industry= HTTP/1.1" 200 2
2025-03-07 11:19:51 [INFO    ] (basehttp.log_message) "GET /api/keywords/?q=%E5%8F%B0%E7%A9%8D&industry= HTTP/1.1" 200 2
2025-03-07 11:19:52 [INFO    ] (basehttp.log_message) "GET /?industry=&time_range=all HTTP/1.1" 200 29459
2025-03-07 11:19:52 [INFO    ] (basehttp.log_message) "GET /?industry=&time_range=all HTTP/1.1" 200 29459
2025-03-07 11:20:01 [INFO    ] (basehttp.log_message) "GET /api/keywords/?industry= HTTP/1.1" 200 294
2025-03-07 11:20:01 [INFO    ] (basehttp.log_message) "GET /api/keywords/?industry= HTTP/1.1" 200 294
2025-03-07 11:20:03 [INFO    ] (basehttp.log_message) "GET /api/keywords/?q=%E4%B8%80&industry= HTTP/1.1" 200 2
2025-03-07 11:20:03 [INFO    ] (basehttp.log_message) "GET /api/keywords/?q=%E4%B8%80&industry= HTTP/1.1" 200 2
2025-03-07 11:20:03 [INFO    ] (basehttp.log_message) "GET /api/keywords/?q=%E4%B8%80%E4%BA%8C&industry= HTTP/1.1" 200 2
2025-03-07 11:20:03 [INFO    ] (basehttp.log_message) "GET /api/keywords/?q=%E4%B8%80%E4%BA%8C&industry= HTTP/1.1" 200 2
2025-03-07 11:20:04 [INFO    ] (basehttp.log_message) "GET /api/keywords/?q=%E4%B8%80%E4%BA%8C%E4%B8%89&industry= HTTP/1.1" 200 2
2025-03-07 11:20:04 [INFO    ] (basehttp.log_message) "GET /api/keywords/?q=%E4%B8%80%E4%BA%8C%E4%B8%89&industry= HTTP/1.1" 200 2
2025-03-07 11:20:05 [INFO    ] (basehttp.log_message) "GET /api/keywords/?q=%E4%B8%80%E4%BA%8C%E4%B8%89&industry= HTTP/1.1" 200 2
2025-03-07 11:20:05 [INFO    ] (basehttp.log_message) "GET /api/keywords/?q=%E4%B8%80%E4%BA%8C%E4%B8%89&industry= HTTP/1.1" 200 2
2025-03-07 11:20:06 [INFO    ] (basehttp.log_message) "GET /?industry=&time_range=all HTTP/1.1" 200 29479
2025-03-07 11:20:06 [INFO    ] (basehttp.log_message) "GET /?industry=&time_range=all HTTP/1.1" 200 29479
2025-03-07 11:20:32 [INFO    ] (basehttp.log_message) "GET /api/keywords/?industry= HTTP/1.1" 200 294
2025-03-07 11:20:32 [INFO    ] (basehttp.log_message) "GET /api/keywords/?industry= HTTP/1.1" 200 294
2025-03-07 11:20:34 [INFO    ] (basehttp.log_message) "GET /api/keywords/?q=%E5%8F%B0%E7%A9%8D&industry= HTTP/1.1" 200 2
2025-03-07 11:20:34 [INFO    ] (basehttp.log_message) "GET /api/keywords/?q=%E5%8F%B0%E7%A9%8D&industry= HTTP/1.1" 200 2
2025-03-07 11:20:35 [INFO    ] (basehttp.log_message) "GET /?industry=&time_range=all HTTP/1.1" 200 29638
2025-03-07 11:20:35 [INFO    ] (basehttp.log_message) "GET /?industry=&time_range=all HTTP/1.1" 200 29638
2025-03-07 11:22:16 [INFO    ] (basehttp.log_message) "GET /api/keywords/?industry= HTTP/1.1" 200 294
2025-03-07 11:22:16 [INFO    ] (basehttp.log_message) "GET /api/keywords/?industry= HTTP/1.1" 200 294
2025-03-07 11:22:17 [INFO    ] (basehttp.log_message) "GET /api/keywords/?q=%E3%84%8A&industry= HTTP/1.1" 200 2
2025-03-07 11:22:17 [INFO    ] (basehttp.log_message) "GET /api/keywords/?q=%E3%84%8A&industry= HTTP/1.1" 200 2
2025-03-07 11:22:18 [INFO    ] (basehttp.log_message) "GET /api/keywords/?q=%E5%8F%B0%E7%A9%8D&industry= HTTP/1.1" 200 2
2025-03-07 11:22:18 [INFO    ] (basehttp.log_message) "GET /api/keywords/?q=%E5%8F%B0%E7%A9%8D&industry= HTTP/1.1" 200 2
2025-03-07 11:22:18 [INFO    ] (basehttp.log_message) "GET /api/keywords/?q=%E5%8F%B0%E7%A9%8D&industry= HTTP/1.1" 200 2
2025-03-07 11:22:18 [INFO    ] (basehttp.log_message) "GET /api/keywords/?q=%E5%8F%B0%E7%A9%8D&industry= HTTP/1.1" 200 2
2025-03-07 11:22:19 [INFO    ] (basehttp.log_message) "GET /?industry=&time_range=all HTTP/1.1" 200 29821
2025-03-07 11:22:19 [INFO    ] (basehttp.log_message) "GET /?industry=&time_range=all HTTP/1.1" 200 29821
2025-03-07 11:24:02 [INFO    ] (basehttp.log_message) "GET /?industry=&time_range=all HTTP/1.1" 200 29998
2025-03-07 11:24:02 [INFO    ] (basehttp.log_message) "GET /?industry=&time_range=all HTTP/1.1" 200 29998
2025-03-07 11:24:03 [INFO    ] (basehttp.log_message) "GET / HTTP/1.1" 200 29898
2025-03-07 11:24:03 [INFO    ] (basehttp.log_message) "GET / HTTP/1.1" 200 29898
2025-03-07 11:24:04 [INFO    ] (basehttp.log_message) "GET /api/keywords/?industry= HTTP/1.1" 200 294
2025-03-07 11:24:04 [INFO    ] (basehttp.log_message) "GET /api/keywords/?industry= HTTP/1.1" 200 294
2025-03-07 11:24:05 [INFO    ] (basehttp.log_message) "GET /api/keywords/?q=%E5%8F%B0&industry= HTTP/1.1" 200 2
2025-03-07 11:24:05 [INFO    ] (basehttp.log_message) "GET /api/keywords/?q=%E5%8F%B0&industry= HTTP/1.1" 200 2
2025-03-07 11:24:06 [INFO    ] (basehttp.log_message) "GET /api/keywords/?q=%E5%8F%B0%E7%A9%8D&industry= HTTP/1.1" 200 2
2025-03-07 11:24:06 [INFO    ] (basehttp.log_message) "GET /api/keywords/?q=%E5%8F%B0%E7%A9%8D&industry= HTTP/1.1" 200 2
2025-03-07 11:24:06 [INFO    ] (basehttp.log_message) "GET /api/keywords/?q=%E5%8F%B0%E7%A9%8D&industry= HTTP/1.1" 200 2
2025-03-07 11:24:06 [INFO    ] (basehttp.log_message) "GET /api/keywords/?q=%E5%8F%B0%E7%A9%8D&industry= HTTP/1.1" 200 2
2025-03-07 11:26:47 [INFO    ] (basehttp.log_message) "GET /?industry=&time_range=all HTTP/1.1" 200 29998
2025-03-07 11:26:47 [INFO    ] (basehttp.log_message) "GET /?industry=&time_range=all HTTP/1.1" 200 29998
2025-03-07 11:28:21 [INFO    ] (basehttp.log_message) "GET /?industry=&time_range=all HTTP/1.1" 200 30756
2025-03-07 11:28:21 [INFO    ] (basehttp.log_message) "GET /?industry=&time_range=all HTTP/1.1" 200 30756
2025-03-07 11:28:21 [INFO    ] (basehttp.log_message) "GET / HTTP/1.1" 200 30656
2025-03-07 11:28:21 [INFO    ] (basehttp.log_message) "GET / HTTP/1.1" 200 30656
2025-03-07 11:28:22 [INFO    ] (basehttp.log_message) "GET /api/keywords/?industry= HTTP/1.1" 200 294
2025-03-07 11:28:22 [INFO    ] (basehttp.log_message) "GET /api/keywords/?industry= HTTP/1.1" 200 294
2025-03-07 11:28:24 [INFO    ] (basehttp.log_message) "GET /api/keywords/?q=%E5%8F%B0&industry= HTTP/1.1" 200 2
2025-03-07 11:28:24 [INFO    ] (basehttp.log_message) "GET /api/keywords/?q=%E5%8F%B0&industry= HTTP/1.1" 200 2
2025-03-07 11:28:25 [INFO    ] (basehttp.log_message) "GET /api/keywords/?q=%E5%8F%B0%E7%A9%8D&industry= HTTP/1.1" 200 2
2025-03-07 11:28:25 [INFO    ] (basehttp.log_message) "GET /api/keywords/?q=%E5%8F%B0%E7%A9%8D&industry= HTTP/1.1" 200 2
2025-03-07 11:28:25 [INFO    ] (basehttp.log_message) "GET /api/keywords/?q=%E5%8F%B0%E7%A9%8D&industry= HTTP/1.1" 200 2
2025-03-07 11:28:25 [INFO    ] (basehttp.log_message) "GET /api/keywords/?q=%E5%8F%B0%E7%A9%8D&industry= HTTP/1.1" 200 2
2025-03-07 11:29:42 [INFO    ] (basehttp.log_message) "GET /?industry=&time_range=all HTTP/1.1" 200 30756
2025-03-07 11:29:42 [INFO    ] (basehttp.log_message) "GET /?industry=&time_range=all HTTP/1.1" 200 30756
2025-03-07 11:29:45 [INFO    ] (basehttp.log_message) "GET /api/keywords/?industry= HTTP/1.1" 200 294
2025-03-07 11:29:45 [INFO    ] (basehttp.log_message) "GET /api/keywords/?industry= HTTP/1.1" 200 294
2025-03-07 11:30:12 [INFO    ] (basehttp.log_message) "GET /api/industries/ HTTP/1.1" 200 188
2025-03-07 11:30:12 [INFO    ] (basehttp.log_message) "GET /api/industries/ HTTP/1.1" 200 188
2025-03-07 11:30:15 [INFO    ] (basehttp.log_message) "GET /api/industries/?q=123 HTTP/1.1" 200 2
2025-03-07 11:30:15 [INFO    ] (basehttp.log_message) "GET /api/industries/?q=123 HTTP/1.1" 200 2
2025-03-07 11:30:16 [INFO    ] (basehttp.log_message) "GET /?industry=&time_range=all HTTP/1.1" 200 30756
2025-03-07 11:30:16 [INFO    ] (basehttp.log_message) "GET /?industry=&time_range=all HTTP/1.1" 200 30756
2025-03-07 11:30:20 [INFO    ] (basehttp.log_message) "GET /api/keywords/?industry= HTTP/1.1" 200 294
2025-03-07 11:30:20 [INFO    ] (basehttp.log_message) "GET /api/keywords/?industry= HTTP/1.1" 200 294
2025-03-07 11:30:21 [INFO    ] (basehttp.log_message) "GET /api/keywords/?q=123&industry= HTTP/1.1" 200 2
2025-03-07 11:30:21 [INFO    ] (basehttp.log_message) "GET /api/keywords/?q=123&industry= HTTP/1.1" 200 2
2025-03-07 11:30:22 [INFO    ] (basehttp.log_message) "GET /?industry=&time_range=all HTTP/1.1" 200 30756
2025-03-07 11:30:22 [INFO    ] (basehttp.log_message) "GET /?industry=&time_range=all HTTP/1.1" 200 30756
2025-03-07 11:30:30 [INFO    ] (basehttp.log_message) "GET /api/industries/ HTTP/1.1" 200 188
2025-03-07 11:30:30 [INFO    ] (basehttp.log_message) "GET /api/industries/ HTTP/1.1" 200 188
2025-03-07 11:30:32 [INFO    ] (basehttp.log_message) "GET /api/industries/?q=123 HTTP/1.1" 200 2
2025-03-07 11:30:32 [INFO    ] (basehttp.log_message) "GET /api/industries/?q=123 HTTP/1.1" 200 2
2025-03-07 11:30:46 [INFO    ] (basehttp.log_message) "GET /?industry=&time_range=all HTTP/1.1" 200 30756
2025-03-07 11:30:46 [INFO    ] (basehttp.log_message) "GET /?industry=&time_range=all HTTP/1.1" 200 30756
2025-03-07 11:31:41 [INFO    ] (basehttp.log_message) "GET / HTTP/1.1" 200 30608
2025-03-07 11:31:41 [INFO    ] (basehttp.log_message) "GET / HTTP/1.1" 200 30608
2025-03-07 11:31:45 [INFO    ] (basehttp.log_message) "GET /api/keywords/?industry= HTTP/1.1" 200 294
2025-03-07 11:31:45 [INFO    ] (basehttp.log_message) "GET /api/keywords/?industry= HTTP/1.1" 200 294
2025-03-07 11:31:47 [INFO    ] (basehttp.log_message) "GET /api/keywords/?q=&industry= HTTP/1.1" 200 294
2025-03-07 11:31:47 [INFO    ] (basehttp.log_message) "GET /api/keywords/?q=&industry= HTTP/1.1" 200 294
2025-03-07 11:31:49 [INFO    ] (basehttp.log_message) "GET /api/industries/ HTTP/1.1" 200 188
2025-03-07 11:31:49 [INFO    ] (basehttp.log_message) "GET /api/industries/ HTTP/1.1" 200 188
2025-03-07 11:31:51 [INFO    ] (basehttp.log_message) "GET /api/industries/?q=%E3%84%8A HTTP/1.1" 200 2
2025-03-07 11:31:51 [INFO    ] (basehttp.log_message) "GET /api/industries/?q=%E3%84%8A HTTP/1.1" 200 2
2025-03-07 11:31:52 [INFO    ] (basehttp.log_message) "GET /api/industries/?q= HTTP/1.1" 200 188
2025-03-07 11:31:52 [INFO    ] (basehttp.log_message) "GET /api/industries/?q= HTTP/1.1" 200 188
2025-03-07 11:31:55 [INFO    ] (basehttp.log_message) "GET /api/keywords/?industry= HTTP/1.1" 200 294
2025-03-07 11:31:55 [INFO    ] (basehttp.log_message) "GET /api/keywords/?industry= HTTP/1.1" 200 294
2025-03-07 11:31:56 [INFO    ] (basehttp.log_message) "GET /api/keywords/?q=%E3%84%8A&industry= HTTP/1.1" 200 2
2025-03-07 11:31:56 [INFO    ] (basehttp.log_message) "GET /api/keywords/?q=%E3%84%8A&industry= HTTP/1.1" 200 2
2025-03-07 11:31:57 [INFO    ] (basehttp.log_message) "GET /api/keywords/?q=%E5%8F%B0%E7%A9%8D&industry= HTTP/1.1" 200 2
2025-03-07 11:31:57 [INFO    ] (basehttp.log_message) "GET /api/keywords/?q=%E5%8F%B0%E7%A9%8D&industry= HTTP/1.1" 200 2
2025-03-07 11:31:57 [INFO    ] (basehttp.log_message) "GET /api/keywords/?q=%E5%8F%B0%E7%A9%8D&industry= HTTP/1.1" 200 2
2025-03-07 11:31:57 [INFO    ] (basehttp.log_message) "GET /api/keywords/?q=%E5%8F%B0%E7%A9%8D&industry= HTTP/1.1" 200 2
2025-03-07 11:32:24 [INFO    ] (basehttp.log_message) "GET /?industry=&time_range=all HTTP/1.1" 200 30708
2025-03-07 11:32:24 [INFO    ] (basehttp.log_message) "GET /?industry=&time_range=all HTTP/1.1" 200 30708
2025-03-07 11:32:28 [INFO    ] (basehttp.log_message) "GET /api/keywords/?industry= HTTP/1.1" 200 294
2025-03-07 11:32:28 [INFO    ] (basehttp.log_message) "GET /api/keywords/?industry= HTTP/1.1" 200 294
2025-03-07 11:32:56 [INFO    ] (basehttp.log_message) "GET /?industry=&keywords=AI&time_range=all HTTP/1.1" 200 13497
2025-03-07 11:32:56 [INFO    ] (basehttp.log_message) "GET /?industry=&keywords=AI&time_range=all HTTP/1.1" 200 13497
2025-03-07 11:33:13 [INFO    ] (basehttp.log_message) "GET /?industry=&keywords=AI&time_range=all HTTP/1.1" 200 13559
2025-03-07 11:33:13 [INFO    ] (basehttp.log_message) "GET /?industry=&keywords=AI&time_range=all HTTP/1.1" 200 13559
2025-03-07 11:33:14 [INFO    ] (basehttp.log_message) "GET /api/keywords/?industry= HTTP/1.1" 200 294
2025-03-07 11:33:14 [INFO    ] (basehttp.log_message) "GET /api/keywords/?industry= HTTP/1.1" 200 294
2025-03-07 11:33:31 [INFO    ] (basehttp.log_message) "GET /api/industries/ HTTP/1.1" 200 188
2025-03-07 11:33:31 [INFO    ] (basehttp.log_message) "GET /api/industries/ HTTP/1.1" 200 188
2025-03-07 11:33:34 [INFO    ] (basehttp.log_message) "GET /api/industries/?q=123 HTTP/1.1" 200 2
2025-03-07 11:33:34 [INFO    ] (basehttp.log_message) "GET /api/industries/?q=123 HTTP/1.1" 200 2
2025-03-07 11:33:54 [INFO    ] (basehttp.log_message) "GET /?industry=&time_range=all HTTP/1.1" 200 31842
2025-03-07 11:33:54 [INFO    ] (basehttp.log_message) "GET /?industry=&time_range=all HTTP/1.1" 200 31842
2025-03-07 11:33:58 [INFO    ] (basehttp.log_message) "GET /api/keywords/?industry= HTTP/1.1" 200 294
2025-03-07 11:33:58 [INFO    ] (basehttp.log_message) "GET /api/keywords/?industry= HTTP/1.1" 200 294
2025-03-07 11:33:59 [INFO    ] (basehttp.log_message) "GET /api/keywords/?q=%E3%84%8A&industry= HTTP/1.1" 200 2
2025-03-07 11:33:59 [INFO    ] (basehttp.log_message) "GET /api/keywords/?q=%E3%84%8A&industry= HTTP/1.1" 200 2
2025-03-07 11:34:01 [INFO    ] (basehttp.log_message) "GET /api/keywords/?q=%E5%8F%B0%E7%A9%8D&industry= HTTP/1.1" 200 2
2025-03-07 11:34:01 [INFO    ] (basehttp.log_message) "GET /api/keywords/?q=%E5%8F%B0%E7%A9%8D&industry= HTTP/1.1" 200 2
2025-03-07 11:34:02 [INFO    ] (basehttp.log_message) "GET /?industry=&time_range=all HTTP/1.1" 200 31842
2025-03-07 11:34:02 [INFO    ] (basehttp.log_message) "GET /?industry=&time_range=all HTTP/1.1" 200 31842
2025-03-07 11:35:43 [INFO    ] (basehttp.log_message) "GET /api/keywords/?industry= HTTP/1.1" 200 294
2025-03-07 11:35:43 [INFO    ] (basehttp.log_message) "GET /api/keywords/?industry= HTTP/1.1" 200 294
2025-03-07 11:35:45 [INFO    ] (basehttp.log_message) "GET / HTTP/1.1" 200 32211
2025-03-07 11:35:45 [INFO    ] (basehttp.log_message) "GET / HTTP/1.1" 200 32211
2025-03-07 11:35:46 [INFO    ] (basehttp.log_message) "GET /api/keywords/?industry= HTTP/1.1" 200 294
2025-03-07 11:35:46 [INFO    ] (basehttp.log_message) "GET /api/keywords/?industry= HTTP/1.1" 200 294
2025-03-07 11:35:47 [INFO    ] (basehttp.log_message) "GET /api/keywords/?q=%E3%84%8A&industry= HTTP/1.1" 200 2
2025-03-07 11:35:47 [INFO    ] (basehttp.log_message) "GET /api/keywords/?q=%E3%84%8A&industry= HTTP/1.1" 200 2
2025-03-07 11:35:47 [INFO    ] (basehttp.log_message) "GET /api/keywords/?q=%E5%8F%B0&industry= HTTP/1.1" 200 2
2025-03-07 11:35:47 [INFO    ] (basehttp.log_message) "GET /api/keywords/?q=%E5%8F%B0&industry= HTTP/1.1" 200 2
2025-03-07 11:35:48 [INFO    ] (basehttp.log_message) "GET /api/keywords/?q=%E5%8F%B0%E7%A9%8D&industry= HTTP/1.1" 200 2
2025-03-07 11:35:48 [INFO    ] (basehttp.log_message) "GET /api/keywords/?q=%E5%8F%B0%E7%A9%8D&industry= HTTP/1.1" 200 2
2025-03-07 11:35:48 [INFO    ] (basehttp.log_message) "GET /api/keywords/?q=%E5%8F%B0%E7%A9%8D&industry= HTTP/1.1" 200 2
2025-03-07 11:35:48 [INFO    ] (basehttp.log_message) "GET /api/keywords/?q=%E5%8F%B0%E7%A9%8D&industry= HTTP/1.1" 200 2
2025-03-07 11:35:49 [INFO    ] (basehttp.log_message) "GET /?industry=&time_range=all HTTP/1.1" 200 32311
2025-03-07 11:35:49 [INFO    ] (basehttp.log_message) "GET /?industry=&time_range=all HTTP/1.1" 200 32311
2025-03-07 11:37:15 [INFO    ] (autoreload.run_with_reloader) Watching for file changes with StatReloader
2025-03-07 11:37:15 [INFO    ] (autoreload.run_with_reloader) Watching for file changes with StatReloader
2025-03-07 11:37:21 [INFO    ] (basehttp.log_message) "GET / HTTP/1.1" 200 32211
2025-03-07 11:37:21 [INFO    ] (basehttp.log_message) "GET / HTTP/1.1" 200 32211
2025-03-07 11:37:26 [INFO    ] (basehttp.log_message) "GET / HTTP/1.1" 200 32211
2025-03-07 11:37:26 [INFO    ] (basehttp.log_message) "GET / HTTP/1.1" 200 32211
2025-03-07 11:37:28 [INFO    ] (basehttp.log_message) "GET /api/keywords/?industry= HTTP/1.1" 200 294
2025-03-07 11:37:28 [INFO    ] (basehttp.log_message) "GET /api/keywords/?industry= HTTP/1.1" 200 294
2025-03-07 11:37:29 [INFO    ] (basehttp.log_message) "GET /api/keywords/?q=%E3%84%8A&industry= HTTP/1.1" 200 2
2025-03-07 11:37:29 [INFO    ] (basehttp.log_message) "GET /api/keywords/?q=%E3%84%8A&industry= HTTP/1.1" 200 2
2025-03-07 11:37:30 [INFO    ] (basehttp.log_message) "GET /api/keywords/?q=%E5%8F%B0%E7%A9%8D&industry= HTTP/1.1" 200 2
2025-03-07 11:37:30 [INFO    ] (basehttp.log_message) "GET /api/keywords/?q=%E5%8F%B0%E7%A9%8D&industry= HTTP/1.1" 200 2
2025-03-07 11:37:30 [INFO    ] (basehttp.log_message) "GET /api/keywords/?q=%E5%8F%B0%E7%A9%8D&industry= HTTP/1.1" 200 2
2025-03-07 11:37:30 [INFO    ] (basehttp.log_message) "GET /api/keywords/?q=%E5%8F%B0%E7%A9%8D&industry= HTTP/1.1" 200 2
2025-03-07 11:37:31 [INFO    ] (basehttp.log_message) "GET /?industry=&time_range=all HTTP/1.1" 200 32311
2025-03-07 11:37:31 [INFO    ] (basehttp.log_message) "GET /?industry=&time_range=all HTTP/1.1" 200 32311
2025-03-07 11:39:17 [INFO    ] (basehttp.log_message) "GET / HTTP/1.1" 200 32693
2025-03-07 11:39:17 [INFO    ] (basehttp.log_message) "GET / HTTP/1.1" 200 32693
2025-03-07 11:39:18 [INFO    ] (basehttp.log_message) "GET /api/keywords/?industry= HTTP/1.1" 200 294
2025-03-07 11:39:18 [INFO    ] (basehttp.log_message) "GET /api/keywords/?industry= HTTP/1.1" 200 294
2025-03-07 11:39:20 [INFO    ] (basehttp.log_message) "GET /api/keywords/?q=%E5%8F%B0%E7%A9%8D&industry= HTTP/1.1" 200 2
2025-03-07 11:39:20 [INFO    ] (basehttp.log_message) "GET /api/keywords/?q=%E5%8F%B0%E7%A9%8D&industry= HTTP/1.1" 200 2
2025-03-07 11:39:20 [INFO    ] (basehttp.log_message) "GET /api/keywords/?q=%E5%8F%B0%E7%A9%8D&industry= HTTP/1.1" 200 2
2025-03-07 11:39:20 [INFO    ] (basehttp.log_message) "GET /api/keywords/?q=%E5%8F%B0%E7%A9%8D&industry= HTTP/1.1" 200 2
2025-03-07 11:39:21 [INFO    ] (basehttp.log_message) "GET /?industry=&time_range=all HTTP/1.1" 200 32793
2025-03-07 11:39:21 [INFO    ] (basehttp.log_message) "GET /?industry=&time_range=all HTTP/1.1" 200 32793
2025-03-07 11:39:31 [INFO    ] (basehttp.log_message) "GET / HTTP/1.1" 200 32693
2025-03-07 11:39:31 [INFO    ] (basehttp.log_message) "GET / HTTP/1.1" 200 32693
2025-03-07 11:39:32 [INFO    ] (basehttp.log_message) "GET /api/keywords/?industry= HTTP/1.1" 200 294
2025-03-07 11:39:32 [INFO    ] (basehttp.log_message) "GET /api/keywords/?industry= HTTP/1.1" 200 294
2025-03-07 11:39:34 [INFO    ] (basehttp.log_message) "GET /api/keywords/?q=%E3%84%8A&industry= HTTP/1.1" 200 2
2025-03-07 11:39:34 [INFO    ] (basehttp.log_message) "GET /api/keywords/?q=%E3%84%8A&industry= HTTP/1.1" 200 2
2025-03-07 11:39:35 [INFO    ] (basehttp.log_message) "GET /api/keywords/?q=&industry= HTTP/1.1" 200 294
2025-03-07 11:39:35 [INFO    ] (basehttp.log_message) "GET /api/keywords/?q=&industry= HTTP/1.1" 200 294
2025-03-07 11:39:35 [INFO    ] (basehttp.log_message) "GET /api/keywords/?q=123&industry= HTTP/1.1" 200 2
2025-03-07 11:39:35 [INFO    ] (basehttp.log_message) "GET /api/keywords/?q=123&industry= HTTP/1.1" 200 2
2025-03-07 11:39:36 [INFO    ] (basehttp.log_message) "GET /?industry=&time_range=all HTTP/1.1" 200 32793
2025-03-07 11:39:36 [INFO    ] (basehttp.log_message) "GET /?industry=&time_range=all HTTP/1.1" 200 32793
2025-03-07 11:39:40 [INFO    ] (basehttp.log_message) "GET /api/keywords/?industry= HTTP/1.1" 200 294
2025-03-07 11:39:40 [INFO    ] (basehttp.log_message) "GET /api/keywords/?industry= HTTP/1.1" 200 294
2025-03-07 11:39:42 [INFO    ] (basehttp.log_message) "GET /api/keywords/?q=123&industry= HTTP/1.1" 200 2
2025-03-07 11:39:42 [INFO    ] (basehttp.log_message) "GET /api/keywords/?q=123&industry= HTTP/1.1" 200 2
2025-03-07 11:40:22 [INFO    ] (basehttp.log_message) "GET /api/keywords/?industry= HTTP/1.1" 200 294
2025-03-07 11:40:22 [INFO    ] (basehttp.log_message) "GET /api/keywords/?industry= HTTP/1.1" 200 294
2025-03-07 11:40:23 [INFO    ] (basehttp.log_message) "GET /api/keywords/?q=%E5%8F%B0&industry= HTTP/1.1" 200 2
2025-03-07 11:40:23 [INFO    ] (basehttp.log_message) "GET /api/keywords/?q=%E5%8F%B0&industry= HTTP/1.1" 200 2
2025-03-07 11:40:24 [INFO    ] (basehttp.log_message) "GET /api/keywords/?q=%E5%8F%B0%E7%A9%8D&industry= HTTP/1.1" 200 2
2025-03-07 11:40:24 [INFO    ] (basehttp.log_message) "GET /api/keywords/?q=%E5%8F%B0%E7%A9%8D&industry= HTTP/1.1" 200 2
2025-03-07 11:40:24 [INFO    ] (basehttp.log_message) "GET /api/keywords/?q=%E5%8F%B0%E7%A9%8D&industry= HTTP/1.1" 200 2
2025-03-07 11:40:24 [INFO    ] (basehttp.log_message) "GET /api/keywords/?q=%E5%8F%B0%E7%A9%8D&industry= HTTP/1.1" 200 2
2025-03-07 11:40:29 [INFO    ] (basehttp.log_message) "GET /?industry=&keywords=%E5%8F%B0%E7%A9%8D&time_range=all HTTP/1.1" 200 15573
2025-03-07 11:40:29 [INFO    ] (basehttp.log_message) "GET /?industry=&keywords=%E5%8F%B0%E7%A9%8D&time_range=all HTTP/1.1" 200 15573
2025-03-07 11:40:31 [INFO    ] (basehttp.log_message) "GET /api/keywords/?industry= HTTP/1.1" 200 294
2025-03-07 11:40:31 [INFO    ] (basehttp.log_message) "GET /api/keywords/?industry= HTTP/1.1" 200 294
2025-03-07 11:40:37 [INFO    ] (basehttp.log_message) "GET /api/keywords/?q=%E3%84%8A&industry= HTTP/1.1" 200 2
2025-03-07 11:40:37 [INFO    ] (basehttp.log_message) "GET /api/keywords/?q=%E3%84%8A&industry= HTTP/1.1" 200 2
2025-03-07 11:40:37 [INFO    ] (basehttp.log_message) "GET /api/keywords/?q=%E3%84%8A%E3%84%9E&industry= HTTP/1.1" 200 2
2025-03-07 11:40:37 [INFO    ] (basehttp.log_message) "GET /api/keywords/?q=%E3%84%8A%E3%84%9E&industry= HTTP/1.1" 200 2
2025-03-07 11:40:38 [INFO    ] (basehttp.log_message) "GET /api/keywords/?q=%E5%8F%B0&industry= HTTP/1.1" 200 33
2025-03-07 11:40:38 [INFO    ] (basehttp.log_message) "GET /api/keywords/?q=%E5%8F%B0&industry= HTTP/1.1" 200 33
2025-03-07 11:40:39 [INFO    ] (basehttp.log_message) "GET /api/keywords/?q=%E5%8F%B0%E7%A9%8D%E9%9B%BB&industry= HTTP/1.1" 200 2
2025-03-07 11:40:39 [INFO    ] (basehttp.log_message) "GET /api/keywords/?q=%E5%8F%B0%E7%A9%8D%E9%9B%BB&industry= HTTP/1.1" 200 2
2025-03-07 11:40:41 [INFO    ] (basehttp.log_message) "GET /?industry=&keywords=%E5%8F%B0%E7%A9%8D%E9%9B%BB&time_range=all HTTP/1.1" 200 15643
2025-03-07 11:40:41 [INFO    ] (basehttp.log_message) "GET /?industry=&keywords=%E5%8F%B0%E7%A9%8D%E9%9B%BB&time_range=all HTTP/1.1" 200 15643
2025-03-07 11:40:49 [INFO    ] (basehttp.log_message) "GET /api/keywords/?industry= HTTP/1.1" 200 294
2025-03-07 11:40:49 [INFO    ] (basehttp.log_message) "GET /api/keywords/?industry= HTTP/1.1" 200 294
2025-03-07 11:45:00 [INFO    ] (basehttp.log_message) "GET / HTTP/1.1" 200 32839
2025-03-07 11:45:00 [INFO    ] (basehttp.log_message) "GET / HTTP/1.1" 200 32839
2025-03-07 11:46:28 [INFO    ] (basehttp.log_message) "GET /api/keywords/?industry= HTTP/1.1" 200 294
2025-03-07 11:46:28 [INFO    ] (basehttp.log_message) "GET /api/keywords/?industry= HTTP/1.1" 200 294
2025-03-07 11:46:32 [INFO    ] (basehttp.log_message) "GET /api/keywords/?q=%E5%8F%B0%E7%A9%8D%E9%9B%BB&industry= HTTP/1.1" 200 39
2025-03-07 11:46:32 [INFO    ] (basehttp.log_message) "GET /api/keywords/?q=%E5%8F%B0%E7%A9%8D%E9%9B%BB&industry= HTTP/1.1" 200 39
2025-03-07 11:46:37 [INFO    ] (basehttp.log_message) "GET /?industry=&keywords=%E5%8F%B0%E7%A9%8D%E9%9B%BB&time_range=all&fetch_new=on HTTP/1.1" 200 16003
2025-03-07 11:46:37 [INFO    ] (basehttp.log_message) "GET /?industry=&keywords=%E5%8F%B0%E7%A9%8D%E9%9B%BB&time_range=all&fetch_new=on HTTP/1.1" 200 16003
2025-03-07 11:47:25 [INFO    ] (basehttp.log_message) "GET /api/industries/ HTTP/1.1" 200 188
2025-03-07 11:47:25 [INFO    ] (basehttp.log_message) "GET /api/industries/ HTTP/1.1" 200 188
2025-03-07 11:47:29 [INFO    ] (basehttp.log_message) "GET /api/industries/ HTTP/1.1" 200 188
2025-03-07 11:47:29 [INFO    ] (basehttp.log_message) "GET /api/industries/ HTTP/1.1" 200 188
2025-03-07 11:47:32 [INFO    ] (basehttp.log_message) "GET /api/keywords/?industry=%E7%A7%91%E6%8A%80 HTTP/1.1" 200 137
2025-03-07 11:47:32 [INFO    ] (basehttp.log_message) "GET /api/keywords/?industry=%E7%A7%91%E6%8A%80 HTTP/1.1" 200 137
2025-03-07 11:47:33 [INFO    ] (basehttp.log_message) "GET /api/keywords/?q=%E3%84%8A&industry=%E7%A7%91%E6%8A%80 HTTP/1.1" 200 2
2025-03-07 11:47:33 [INFO    ] (basehttp.log_message) "GET /api/keywords/?q=%E3%84%8A&industry=%E7%A7%91%E6%8A%80 HTTP/1.1" 200 2
2025-03-07 11:47:34 [INFO    ] (basehttp.log_message) "GET /api/keywords/?q=%E5%8F%B0%E7%A9%8D%E9%9B%BB&industry=%E7%A7%91%E6%8A%80 HTTP/1.1" 200 2
2025-03-07 11:47:34 [INFO    ] (basehttp.log_message) "GET /api/keywords/?q=%E5%8F%B0%E7%A9%8D%E9%9B%BB&industry=%E7%A7%91%E6%8A%80 HTTP/1.1" 200 2
2025-03-07 11:47:49 [INFO    ] (basehttp.log_message) "GET /?industry=%E7%A7%91%E6%8A%80&keywords=&keywords=%E5%8F%B0%E7%A9%8D%E9%9B%BB&time_range=all&fetch_new=on HTTP/1.1" 200 33268
2025-03-07 11:47:49 [INFO    ] (basehttp.log_message) "GET /?industry=%E7%A7%91%E6%8A%80&keywords=&keywords=%E5%8F%B0%E7%A9%8D%E9%9B%BB&time_range=all&fetch_new=on HTTP/1.1" 200 33268
2025-03-07 11:47:58 [INFO    ] (autoreload.trigger_reload) D:\code\Python\IndustrySearcher\app\web\views.py changed, reloading.
2025-03-07 11:47:58 [INFO    ] (autoreload.trigger_reload) D:\code\Python\IndustrySearcher\app\web\views.py changed, reloading.
2025-03-07 11:47:58 [INFO    ] (autoreload.run_with_reloader) Watching for file changes with StatReloader
2025-03-07 11:47:58 [INFO    ] (autoreload.run_with_reloader) Watching for file changes with StatReloader
2025-03-07 11:49:30 [INFO    ] (autoreload.trigger_reload) D:\code\Python\IndustrySearcher\app\web\views.py changed, reloading.
2025-03-07 11:49:30 [INFO    ] (autoreload.trigger_reload) D:\code\Python\IndustrySearcher\app\web\views.py changed, reloading.
2025-03-07 11:49:31 [INFO    ] (autoreload.run_with_reloader) Watching for file changes with StatReloader
2025-03-07 11:49:31 [INFO    ] (autoreload.run_with_reloader) Watching for file changes with StatReloader
2025-03-07 11:49:48 [INFO    ] (basehttp.log_message) "GET / HTTP/1.1" 200 33026
2025-03-07 11:49:48 [INFO    ] (basehttp.log_message) "GET / HTTP/1.1" 200 33026
2025-03-07 11:49:51 [INFO    ] (basehttp.log_message) "GET /api/keywords/?industry= HTTP/1.1" 200 294
2025-03-07 11:49:51 [INFO    ] (basehttp.log_message) "GET /api/keywords/?industry= HTTP/1.1" 200 294
2025-03-07 11:49:52 [INFO    ] (basehttp.log_message) "GET /api/keywords/?q=%E3%84%8F%E3%84%A8&industry= HTTP/1.1" 200 2
2025-03-07 11:49:52 [INFO    ] (basehttp.log_message) "GET /api/keywords/?q=%E3%84%8F%E3%84%A8&industry= HTTP/1.1" 200 2
2025-03-07 11:49:53 [INFO    ] (basehttp.log_message) "GET /api/keywords/?q=%E3%84%8F%E3%84%A8%E3%84%9F&industry= HTTP/1.1" 200 2
2025-03-07 11:49:53 [INFO    ] (basehttp.log_message) "GET /api/keywords/?q=%E3%84%8F%E3%84%A8%E3%84%9F&industry= HTTP/1.1" 200 2
2025-03-07 11:49:54 [INFO    ] (basehttp.log_message) "GET /api/keywords/?q=&industry= HTTP/1.1" 200 294
2025-03-07 11:49:54 [INFO    ] (basehttp.log_message) "GET /api/keywords/?q=&industry= HTTP/1.1" 200 294
2025-03-07 11:49:54 [INFO    ] (basehttp.log_message) "GET /api/keywords/?q=%E3%84%8A&industry= HTTP/1.1" 200 2
2025-03-07 11:49:54 [INFO    ] (basehttp.log_message) "GET /api/keywords/?q=%E3%84%8A&industry= HTTP/1.1" 200 2
2025-03-07 11:49:54 [INFO    ] (basehttp.log_message) "GET /api/keywords/?q=%E5%8F%B0&industry= HTTP/1.1" 200 110
2025-03-07 11:49:54 [INFO    ] (basehttp.log_message) "GET /api/keywords/?q=%E5%8F%B0&industry= HTTP/1.1" 200 110
2025-03-07 11:49:55 [INFO    ] (basehttp.log_message) "GET /api/keywords/?q=%E5%8F%B0%E7%A9%8D%E9%9B%BB&industry= HTTP/1.1" 200 77
2025-03-07 11:49:55 [INFO    ] (basehttp.log_message) "GET /api/keywords/?q=%E5%8F%B0%E7%A9%8D%E9%9B%BB&industry= HTTP/1.1" 200 77
2025-03-07 11:49:58 [INFO    ] (basehttp.log_message) "GET /?industry=&keywords=%E5%8F%B0%E7%A9%8D%E9%9B%BB&time_range=all HTTP/1.1" 200 15849
2025-03-07 11:49:58 [INFO    ] (basehttp.log_message) "GET /?industry=&keywords=%E5%8F%B0%E7%A9%8D%E9%9B%BB&time_range=all HTTP/1.1" 200 15849
2025-03-07 11:50:02 [INFO    ] (basehttp.log_message) "GET / HTTP/1.1" 200 33026
2025-03-07 11:50:02 [INFO    ] (basehttp.log_message) "GET / HTTP/1.1" 200 33026
2025-03-07 11:50:08 [INFO    ] (basehttp.log_message) "GET /api/keywords/?industry= HTTP/1.1" 200 294
2025-03-07 11:50:08 [INFO    ] (basehttp.log_message) "GET /api/keywords/?industry= HTTP/1.1" 200 294
2025-03-07 11:50:19 [INFO    ] (basehttp.log_message) "GET /api/keywords/?q=%E5%91%BC%E3%84%9F&industry= HTTP/1.1" 200 2
2025-03-07 11:50:19 [INFO    ] (basehttp.log_message) "GET /api/keywords/?q=%E5%91%BC%E3%84%9F&industry= HTTP/1.1" 200 2
2025-03-07 11:50:19 [INFO    ] (basehttp.log_message) "GET /api/keywords/?q=&industry= HTTP/1.1" 200 294
2025-03-07 11:50:19 [INFO    ] (basehttp.log_message) "GET /api/keywords/?q=&industry= HTTP/1.1" 200 294
2025-03-07 11:50:20 [INFO    ] (basehttp.log_message) "GET /api/keywords/?q=%E8%BC%9D%E9%81%94&industry= HTTP/1.1" 200 2
2025-03-07 11:50:20 [INFO    ] (basehttp.log_message) "GET /api/keywords/?q=%E8%BC%9D%E9%81%94&industry= HTTP/1.1" 200 2
2025-03-07 11:50:22 [INFO    ] (basehttp.log_message) "GET /?industry=&keywords=%E8%BC%9D%E9%81%94&time_range=all HTTP/1.1" 200 15849
2025-03-07 11:50:22 [INFO    ] (basehttp.log_message) "GET /?industry=&keywords=%E8%BC%9D%E9%81%94&time_range=all HTTP/1.1" 200 15849
2025-03-07 11:50:24 [INFO    ] (basehttp.log_message) "GET /api/keywords/?industry= HTTP/1.1" 200 294
2025-03-07 11:50:24 [INFO    ] (basehttp.log_message) "GET /api/keywords/?industry= HTTP/1.1" 200 294
2025-03-07 11:50:42 [INFO    ] (basehttp.log_message) "GET / HTTP/1.1" 200 33096
2025-03-07 11:50:42 [INFO    ] (basehttp.log_message) "GET / HTTP/1.1" 200 33096
2025-03-07 11:50:47 [INFO    ] (basehttp.log_message) "GET /admin/ HTTP/1.1" 302 0
2025-03-07 11:50:47 [INFO    ] (basehttp.log_message) "GET /admin/ HTTP/1.1" 302 0
2025-03-07 11:50:47 [INFO    ] (basehttp.log_message) "GET /admin/login/?next=/admin/ HTTP/1.1" 200 4161
2025-03-07 11:50:47 [INFO    ] (basehttp.log_message) "GET /admin/login/?next=/admin/ HTTP/1.1" 200 4161
2025-03-07 11:50:47 [INFO    ] (basehttp.log_message) "GET /static/admin/css/nav_sidebar.css HTTP/1.1" 200 2810
2025-03-07 11:50:47 [INFO    ] (basehttp.log_message) "GET /static/admin/css/nav_sidebar.css HTTP/1.1" 200 2810
2025-03-07 11:50:47 [INFO    ] (basehttp.log_message) "GET /static/admin/js/theme.js HTTP/1.1" 200 1653
2025-03-07 11:50:47 [INFO    ] (basehttp.log_message) "GET /static/admin/js/theme.js HTTP/1.1" 200 1653
2025-03-07 11:50:47 [INFO    ] (basehttp.log_message) "GET /static/admin/css/login.css HTTP/1.1" 200 951
2025-03-07 11:50:47 [INFO    ] (basehttp.log_message) "GET /static/admin/css/login.css HTTP/1.1" 200 951
2025-03-07 11:50:47 [INFO    ] (basehttp.log_message) "GET /static/admin/css/dark_mode.css HTTP/1.1" 200 2804
2025-03-07 11:50:47 [INFO    ] (basehttp.log_message) "GET /static/admin/css/dark_mode.css HTTP/1.1" 200 2804
2025-03-07 11:50:47 [INFO    ] (basehttp.log_message) "GET /static/admin/css/base.css HTTP/1.1" 200 22092
2025-03-07 11:50:47 [INFO    ] (basehttp.log_message) "GET /static/admin/css/base.css HTTP/1.1" 200 22092
2025-03-07 11:50:47 [INFO    ] (basehttp.log_message) "GET /static/admin/css/responsive.css HTTP/1.1" 200 17972
2025-03-07 11:50:47 [INFO    ] (basehttp.log_message) "GET /static/admin/css/responsive.css HTTP/1.1" 200 17972
2025-03-07 11:50:47 [INFO    ] (basehttp.log_message) "GET /static/admin/js/nav_sidebar.js HTTP/1.1" 200 3063
2025-03-07 11:50:47 [INFO    ] (basehttp.log_message) "GET /static/admin/js/nav_sidebar.js HTTP/1.1" 200 3063
2025-03-07 11:50:55 [INFO    ] (basehttp.log_message) "POST /admin/login/?next=/admin/ HTTP/1.1" 200 4329
2025-03-07 11:50:55 [INFO    ] (basehttp.log_message) "POST /admin/login/?next=/admin/ HTTP/1.1" 200 4329
2025-03-07 11:50:58 [INFO    ] (basehttp.log_message) "POST /admin/login/?next=/admin/ HTTP/1.1" 302 0
2025-03-07 11:50:58 [INFO    ] (basehttp.log_message) "POST /admin/login/?next=/admin/ HTTP/1.1" 302 0
2025-03-07 11:50:58 [INFO    ] (basehttp.log_message) "GET /admin/ HTTP/1.1" 200 8019
2025-03-07 11:50:58 [INFO    ] (basehttp.log_message) "GET /admin/ HTTP/1.1" 200 8019
2025-03-07 11:50:58 [INFO    ] (basehttp.log_message) "GET /static/admin/css/dashboard.css HTTP/1.1" 200 441
2025-03-07 11:50:58 [INFO    ] (basehttp.log_message) "GET /static/admin/css/dashboard.css HTTP/1.1" 200 441
2025-03-07 11:50:58 [INFO    ] (basehttp.log_message) "GET /static/admin/img/icon-addlink.svg HTTP/1.1" 200 331
2025-03-07 11:50:58 [INFO    ] (basehttp.log_message) "GET /static/admin/img/icon-addlink.svg HTTP/1.1" 200 331
2025-03-07 11:50:58 [INFO    ] (basehttp.log_message) "GET /static/admin/img/icon-changelink.svg HTTP/1.1" 200 380
2025-03-07 11:50:58 [INFO    ] (basehttp.log_message) "GET /static/admin/img/icon-changelink.svg HTTP/1.1" 200 380
2025-03-07 11:51:09 [INFO    ] (basehttp.log_message) "GET /admin/modelCore/newsarticle/ HTTP/1.1" 200 34287
2025-03-07 11:51:09 [INFO    ] (basehttp.log_message) "GET /admin/modelCore/newsarticle/ HTTP/1.1" 200 34287
2025-03-07 11:51:09 [INFO    ] (basehttp.log_message) "GET /static/admin/css/changelists.css HTTP/1.1" 200 6878
2025-03-07 11:51:09 [INFO    ] (basehttp.log_message) "GET /static/admin/css/changelists.css HTTP/1.1" 200 6878
2025-03-07 11:51:09 [INFO    ] (basehttp.log_message) "GET /static/admin/js/core.js HTTP/1.1" 200 6208
2025-03-07 11:51:09 [INFO    ] (basehttp.log_message) "GET /static/admin/js/core.js HTTP/1.1" 200 6208
2025-03-07 11:51:09 [INFO    ] (basehttp.log_message) "GET /static/admin/js/urlify.js HTTP/1.1" 200 7887
2025-03-07 11:51:09 [INFO    ] (basehttp.log_message) "GET /static/admin/js/urlify.js HTTP/1.1" 200 7887
2025-03-07 11:51:09 [INFO    ] (basehttp.log_message) "GET /static/admin/js/jquery.init.js HTTP/1.1" 200 347
2025-03-07 11:51:09 [INFO    ] (basehttp.log_message) "GET /static/admin/js/jquery.init.js HTTP/1.1" 200 347
2025-03-07 11:51:09 [INFO    ] (basehttp.log_message) "GET /static/admin/js/prepopulate.js HTTP/1.1" 200 1531
2025-03-07 11:51:09 [INFO    ] (basehttp.log_message) "GET /static/admin/js/prepopulate.js HTTP/1.1" 200 1531
2025-03-07 11:51:09 [INFO    ] (basehttp.log_message) "GET /static/admin/js/admin/RelatedObjectLookups.js HTTP/1.1" 200 9097
2025-03-07 11:51:09 [INFO    ] (basehttp.log_message) "GET /static/admin/js/admin/RelatedObjectLookups.js HTTP/1.1" 200 9097
2025-03-07 11:51:09 [INFO    ] (basehttp.log_message) "GET /static/admin/js/actions.js HTTP/1.1" 200 8076
2025-03-07 11:51:09 [INFO    ] (basehttp.log_message) "GET /static/admin/js/actions.js HTTP/1.1" 200 8076
2025-03-07 11:51:09 [INFO    ] (basehttp.log_message) "GET /admin/jsi18n/ HTTP/1.1" 200 3342
2025-03-07 11:51:09 [INFO    ] (basehttp.log_message) "GET /admin/jsi18n/ HTTP/1.1" 200 3342
2025-03-07 11:51:09 [INFO    ] (basehttp.log_message) "GET /static/admin/js/vendor/jquery/jquery.js HTTP/1.1" 200 285314
2025-03-07 11:51:09 [INFO    ] (basehttp.log_message) "GET /static/admin/js/vendor/jquery/jquery.js HTTP/1.1" 200 285314
2025-03-07 11:51:09 [INFO    ] (basehttp.log_message) "GET /static/admin/js/filters.js HTTP/1.1" 200 978
2025-03-07 11:51:09 [INFO    ] (basehttp.log_message) "GET /static/admin/js/filters.js HTTP/1.1" 200 978
2025-03-07 11:51:09 [INFO    ] (basehttp.log_message) "GET /static/admin/js/vendor/xregexp/xregexp.js HTTP/1.1" 200 325171
2025-03-07 11:51:09 [INFO    ] (basehttp.log_message) "GET /static/admin/js/vendor/xregexp/xregexp.js HTTP/1.1" 200 325171
2025-03-07 11:51:09 [INFO    ] (basehttp.log_message) "GET /static/admin/img/tooltag-add.svg HTTP/1.1" 200 331
2025-03-07 11:51:09 [INFO    ] (basehttp.log_message) "GET /static/admin/img/tooltag-add.svg HTTP/1.1" 200 331
2025-03-07 11:51:11 [INFO    ] (basehttp.log_message) "GET /admin/modelCore/newsarticle/42/change/ HTTP/1.1" 200 19707
2025-03-07 11:51:11 [INFO    ] (basehttp.log_message) "GET /admin/modelCore/newsarticle/42/change/ HTTP/1.1" 200 19707
2025-03-07 11:51:11 [INFO    ] (basehttp.log_message) "GET /admin/jsi18n/ HTTP/1.1" 200 3342
2025-03-07 11:51:11 [INFO    ] (basehttp.log_message) "GET /admin/jsi18n/ HTTP/1.1" 200 3342
2025-03-07 11:51:11 [INFO    ] (basehttp.log_message) "GET /static/admin/js/prepopulate_init.js HTTP/1.1" 200 586
2025-03-07 11:51:11 [INFO    ] (basehttp.log_message) "GET /static/admin/js/prepopulate_init.js HTTP/1.1" 200 586
2025-03-07 11:51:11 [INFO    ] (basehttp.log_message) "GET /static/admin/css/forms.css HTTP/1.1" 200 8794
2025-03-07 11:51:11 [INFO    ] (basehttp.log_message) "GET /static/admin/css/forms.css HTTP/1.1" 200 8794
2025-03-07 11:51:11 [INFO    ] (basehttp.log_message) "GET /static/admin/js/calendar.js HTTP/1.1" 200 9141
2025-03-07 11:51:11 [INFO    ] (basehttp.log_message) "GET /static/admin/js/calendar.js HTTP/1.1" 200 9141
2025-03-07 11:51:11 [INFO    ] (basehttp.log_message) "GET /static/admin/js/admin/DateTimeShortcuts.js HTTP/1.1" 200 19319
2025-03-07 11:51:11 [INFO    ] (basehttp.log_message) "GET /static/admin/js/admin/DateTimeShortcuts.js HTTP/1.1" 200 19319
2025-03-07 11:51:11 [INFO    ] (basehttp.log_message) "GET /static/admin/css/widgets.css HTTP/1.1" 200 11564
2025-03-07 11:51:11 [INFO    ] (basehttp.log_message) "GET /static/admin/css/widgets.css HTTP/1.1" 200 11564
2025-03-07 11:51:11 [INFO    ] (basehttp.log_message) "GET /static/admin/js/change_form.js HTTP/1.1" 200 606
2025-03-07 11:51:11 [INFO    ] (basehttp.log_message) "GET /static/admin/js/change_form.js HTTP/1.1" 200 606
2025-03-07 11:51:11 [INFO    ] (basehttp.log_message) "GET /static/admin/img/icon-calendar.svg HTTP/1.1" 200 1086
2025-03-07 11:51:11 [INFO    ] (basehttp.log_message) "GET /static/admin/img/icon-calendar.svg HTTP/1.1" 200 1086
2025-03-07 11:51:11 [INFO    ] (basehttp.log_message) "GET /static/admin/img/icon-clock.svg HTTP/1.1" 200 677
2025-03-07 11:51:11 [INFO    ] (basehttp.log_message) "GET /static/admin/img/icon-clock.svg HTTP/1.1" 200 677
2025-03-07 11:53:43 [INFO    ] (autoreload.trigger_reload) D:\code\Python\IndustrySearcher\app\web\views.py changed, reloading.
2025-03-07 11:53:43 [INFO    ] (autoreload.trigger_reload) D:\code\Python\IndustrySearcher\app\web\views.py changed, reloading.
2025-03-07 11:53:44 [INFO    ] (autoreload.run_with_reloader) Watching for file changes with StatReloader
2025-03-07 11:53:44 [INFO    ] (autoreload.run_with_reloader) Watching for file changes with StatReloader
2025-03-07 11:53:47 [INFO    ] (autoreload.trigger_reload) D:\code\Python\IndustrySearcher\app\web\views.py changed, reloading.
2025-03-07 11:53:47 [INFO    ] (autoreload.trigger_reload) D:\code\Python\IndustrySearcher\app\web\views.py changed, reloading.
2025-03-07 11:53:48 [INFO    ] (autoreload.run_with_reloader) Watching for file changes with StatReloader
2025-03-07 11:53:48 [INFO    ] (autoreload.run_with_reloader) Watching for file changes with StatReloader
